time GPSalt Ualt qlty nsats rlat rlon slat slon tlat tlon dist head absBear relBear pitch roll up
1.66 x 0.000 9.733 0.000 x 0 0.000000 0.000000 x 0 0.000000 0.000000 x 0 0.000000 0.000000 x 41.176752 -8.596227 -1.0 x 1.2 98.9 97.8 x 0.000 0.000 0.980 x 
1.81 x 1.222 9.731 0.000 x 10 99.000000 3.184000 x 99 41.176765 -8.596227 x 99 41.176765 -8.596227 x 0.000000 0.000000 4659878.7 x 1.7 278.9 277.3 x -0.000 0.000 -0.980 x 
1.91 x 1.222 9.731 0.000 x 10 99.000000 3.184000 x 99 41.176765 -8.596227 x 99 41.176765 -8.596227 x 0.000000 0.000000 4659878.7 x 1.7 278.9 277.3 x -0.000 0.000 -0.980 x 
2.01 x 1.222 9.731 0.000 x 10 99.000000 3.184000 x 99 41.176765 -8.596227 x 99 41.176765 -8.596227 x 0.000000 0.000000 4659878.7 x 1.7 278.9 277.3 x -0.000 0.000 -0.980 x 
2.11 x -0.034 8.746 0.000 x 8 99.000000 -0.701000 x 99 41.176768 -8.596226 x 99 41.176768 -8.596226 x 0.000000 0.000000 4659879.0 x 359.9 278.9 279.1 x -0.000 0.000 -0.980 x 
2.21 x -0.034 8.746 0.000 x 8 99.000000 -0.701000 x 99 41.176768 -8.596226 x 99 41.176768 -8.596226 x 0.000000 0.000000 4659879.0 x 359.9 278.9 279.1 x -0.000 0.000 -0.980 x 
2.31 x -0.034 8.746 0.000 x 8 99.000000 -0.701000 x 99 41.176768 -8.596226 x 99 41.176768 -8.596226 x 0.000000 0.000000 4659879.0 x 359.9 278.9 279.1 x -0.000 0.000 -0.980 x 
2.41 x 3.326 7.312 0.000 x 7 99.000000 9.274000 x 99 41.176771 -8.596226 x 99 41.176771 -8.596226 x 0.000000 0.000000 4659879.3 x 359.4 278.9 279.5 x -0.000 0.000 -0.980 x 
2.51 x 3.326 7.312 0.000 x 7 99.000000 9.274000 x 99 41.176771 -8.596226 x 99 41.176771 -8.596226 x 0.000000 0.000000 4659879.3 x 359.4 278.9 279.5 x -0.000 0.000 -0.980 x 
2.61 x 3.326 7.312 0.000 x 7 99.000000 9.274000 x 99 41.176771 -8.596226 x 99 41.176771 -8.596226 x 0.000000 0.000000 4659879.3 x 359.4 278.9 279.5 x -0.000 0.000 -0.980 x 
2.71 x 0.896 6.150 0.000 x 5 99.000000 -1.884000 x 99 41.176774 -8.596226 x 99 41.176774 -8.596226 x 0.000000 0.000000 4659879.6 x 0.8 278.9 278.2 x -0.000 0.000 -0.980 x 
2.81 x 0.896 6.150 0.000 x 5 99.000000 -1.884000 x 99 41.176774 -8.596226 x 99 41.176774 -8.596226 x 0.000000 0.000000 4659879.6 x 0.8 278.9 278.2 x -0.000 0.000 -0.980 x 
2.91 x 0.896 6.150 0.000 x 5 99.000000 -1.884000 x 99 41.176774 -8.596226 x 99 41.176774 -8.596226 x 0.000000 0.000000 4659879.6 x 0.8 278.9 278.2 x -0.000 0.000 -0.980 x 
3.01 x -4.515 4.577 0.000 x 4 99.000000 4.173000 x 99 41.176776 -8.596226 x 99 41.176776 -8.596226 x 0.000000 0.000000 4659879.8 x 359.5 278.9 279.4 x -0.000 0.000 -0.980 x 
3.11 x -4.515 4.577 0.000 x 4 99.000000 4.173000 x 99 41.176776 -8.596226 x 99 41.176776 -8.596226 x 0.000000 0.000000 4659879.8 x 359.5 278.9 279.4 x -0.000 0.000 -0.980 x 
3.21 x -4.515 4.577 0.000 x 4 99.000000 4.173000 x 99 41.176776 -8.596226 x 99 41.176776 -8.596226 x 0.000000 0.000000 4659879.8 x 359.5 278.9 279.4 x -0.000 0.000 -0.980 x 
3.31 x 0.094 3.433 0.000 x 2 99.000000 -0.128000 x 99 41.176779 -8.596226 x 99 41.176779 -8.596226 x 0.000000 0.000000 4659880.2 x 357.6 278.9 281.3 x -0.000 0.000 -0.980 x 
3.41 x 0.094 3.433 0.000 x 2 99.000000 -0.128000 x 99 41.176779 -8.596226 x 99 41.176779 -8.596226 x 0.000000 0.000000 4659880.2 x 357.6 278.9 281.3 x -0.000 0.000 -0.980 x 
3.51 x 0.094 3.433 0.000 x 2 99.000000 -0.128000 x 99 41.176779 -8.596226 x 99 41.176779 -8.596226 x 0.000000 0.000000 4659880.2 x 357.6 278.9 281.3 x -0.000 0.000 -0.980 x 
3.61 x -1.633 1.311 0.000 x 1 99.000000 13.953000 x 99 41.176782 -8.596226 x 99 41.176782 -8.596226 x 0.000000 0.000000 4659880.5 x 0.7 278.9 278.3 x -0.000 0.000 -0.787 x 
3.71 x -1.633 1.311 0.000 x 1 99.000000 13.953000 x 99 41.176782 -8.596226 x 99 41.176782 -8.596226 x 0.000000 0.000000 4659880.5 x 0.7 278.9 278.3 x -0.000 0.000 -0.787 x 
3.81 x -1.633 1.311 0.000 x 1 99.000000 13.953000 x 99 41.176782 -8.596226 x 99 41.176782 -8.596226 x 0.000000 0.000000 4659880.5 x 0.7 278.9 278.3 x -0.000 0.000 -0.787 x 
3.91 x -3.881 -0.138 0.000 x 0 99.000000 -3.888000 x 99 41.176785 -8.596226 x 99 41.176785 -8.596226 x 0.000000 0.000000 4659880.8 x 0.7 278.9 278.3 x -0.000 0.000 0.083 x 
4.01 x -3.881 -0.138 0.000 x 0 99.000000 -3.888000 x 99 41.176785 -8.596226 x 99 41.176785 -8.596226 x 0.000000 0.000000 4659880.8 x 0.7 278.9 278.3 x -0.000 0.000 0.083 x 
4.11 x -3.881 -0.138 0.000 x 0 99.000000 -3.888000 x 99 41.176785 -8.596226 x 99 41.176785 -8.596226 x 0.000000 0.000000 4659880.8 x 0.7 278.9 278.3 x -0.000 0.000 0.083 x 
4.21 x -6.000 -0.803 0.000 x 0 99.000000 8.641000 x 99 41.176787 -8.596226 x 99 41.176787 -8.596226 x 0.000000 0.000000 4659881.0 x 0.6 278.9 278.3 x -0.000 0.000 0.482 x 
4.31 x -6.000 -0.803 0.000 x 0 99.000000 8.641000 x 99 41.176787 -8.596226 x 99 41.176787 -8.596226 x 0.000000 0.000000 4659881.0 x 0.6 278.9 278.3 x -0.000 0.000 0.482 x 
4.41 x -6.000 -0.803 0.000 x 0 99.000000 8.641000 x 99 41.176787 -8.596226 x 99 41.176787 -8.596226 x 0.000000 0.000000 4659881.0 x 0.6 278.9 278.3 x -0.000 0.000 0.482 x 
4.51 x 1.566 0.816 0.000 x 0 99.000000 7.385000 x 99 41.176790 -8.596226 x 99 41.176790 -8.596226 x 0.000000 0.000000 4659881.3 x 359.2 278.9 279.7 x -0.000 0.000 -0.490 x 
4.61 x 1.566 0.816 0.000 x 0 99.000000 7.385000 x 99 41.176790 -8.596226 x 99 41.176790 -8.596226 x 0.000000 0.000000 4659881.3 x 359.2 278.9 279.7 x -0.000 0.000 -0.490 x 
4.71 x 1.566 0.816 0.000 x 0 99.000000 7.385000 x 99 41.176790 -8.596226 x 99 41.176790 -8.596226 x 0.000000 0.000000 4659881.3 x 359.2 278.9 279.7 x -0.000 0.000 -0.490 x 
4.81 x -0.527 -0.356 0.000 x 0 99.000000 9.726000 x 99 41.176793 -8.596226 x 99 41.176793 -8.596226 x 0.000000 0.000000 4659881.7 x 359.7 278.9 279.2 x -0.000 0.000 0.214 x 
4.91 x -0.527 -0.356 0.000 x 0 99.000000 9.726000 x 99 41.176793 -8.596226 x 99 41.176793 -8.596226 x 0.000000 0.000000 4659881.7 x 359.7 278.9 279.2 x -0.000 0.000 0.214 x 
5.01 x -0.527 -0.356 0.000 x 0 99.000000 9.726000 x 99 41.176793 -8.596226 x 99 41.176793 -8.596226 x 0.000000 0.000000 4659881.7 x 359.7 278.9 279.2 x -0.000 0.000 0.214 x 
5.11 x -6.126 0.464 0.000 x 0 99.000000 2.318000 x 99 41.176795 -8.596227 x 99 41.176795 -8.596227 x 0.000000 0.000000 4659881.9 x 1.3 278.9 277.7 x -0.000 0.000 -0.278 x 
5.21 x -6.126 0.464 0.000 x 0 99.000000 2.318000 x 99 41.176795 -8.596227 x 99 41.176795 -8.596227 x 0.000000 0.000000 4659881.9 x 1.3 278.9 277.7 x -0.000 0.000 -0.278 x 
5.31 x -6.126 0.464 0.000 x 0 99.000000 2.318000 x 99 41.176795 -8.596227 x 99 41.176795 -8.596227 x 0.000000 0.000000 4659881.9 x 1.3 278.9 277.7 x -0.000 0.000 -0.278 x 
5.41 x -5.873 -0.609 0.000 x 0 99.000000 5.173000 x 99 41.176798 -8.596227 x 99 41.176798 -8.596227 x 0.000000 0.000000 4659882.2 x 359.9 278.9 279.0 x -0.000 0.000 0.365 x 
5.51 x -5.873 -0.609 0.000 x 0 99.000000 5.173000 x 99 41.176798 -8.596227 x 99 41.176798 -8.596227 x 0.000000 0.000000 4659882.2 x 359.9 278.9 279.0 x -0.000 0.000 0.365 x 
5.61 x -5.873 -0.609 0.000 x 0 99.000000 5.173000 x 99 41.176798 -8.596227 x 99 41.176798 -8.596227 x 0.000000 0.000000 4659882.2 x 359.9 278.9 279.0 x -0.000 0.000 0.365 x 
5.71 x -1.848 0.525 0.000 x 0 99.000000 3.005000 x 99 41.176801 -8.596227 x 99 41.176801 -8.596227 x 0.000000 0.000000 4659882.6 x 359.4 278.9 279.5 x -0.000 0.000 -0.315 x 
5.81 x -1.848 0.525 0.000 x 0 99.000000 3.005000 x 99 41.176801 -8.596227 x 99 41.176801 -8.596227 x 0.000000 0.000000 4659882.6 x 359.4 278.9 279.5 x -0.000 0.000 -0.315 x 
5.91 x -1.848 0.525 0.000 x 0 99.000000 3.005000 x 99 41.176801 -8.596227 x 99 41.176801 -8.596227 x 0.000000 0.000000 4659882.6 x 359.4 278.9 279.5 x -0.000 0.000 -0.315 x 
6.01 x 1.671 -0.198 0.000 x 0 99.000000 8.062000 x 99 41.176803 -8.596228 x 99 41.176803 -8.596228 x 0.000000 0.000000 4659882.8 x 1.1 278.9 277.8 x -0.000 0.000 0.119 x 
6.11 x 1.671 -0.198 0.000 x 0 99.000000 8.062000 x 99 41.176803 -8.596228 x 99 41.176803 -8.596228 x 0.000000 0.000000 4659882.8 x 1.1 278.9 277.8 x -0.000 0.000 0.119 x 
6.21 x 1.671 -0.198 0.000 x 0 99.000000 8.062000 x 99 41.176803 -8.596228 x 99 41.176803 -8.596228 x 0.000000 0.000000 4659882.8 x 1.1 278.9 277.8 x -0.000 0.000 0.119 x 
6.31 x -3.976 1.174 0.000 x 0 99.000000 -2.679000 x 99 41.176806 -8.596229 x 99 41.176806 -8.596229 x 0.000000 0.000000 4659883.1 x 359.8 278.9 279.2 x -0.000 0.000 -0.704 x 
6.41 x -3.976 1.174 0.000 x 0 99.000000 -2.679000 x 99 41.176806 -8.596229 x 99 41.176806 -8.596229 x 0.000000 0.000000 4659883.1 x 359.8 278.9 279.2 x -0.000 0.000 -0.704 x 
6.51 x -3.976 1.174 0.000 x 0 99.000000 -2.679000 x 99 41.176806 -8.596229 x 99 41.176806 -8.596229 x 0.000000 0.000000 4659883.1 x 359.8 278.9 279.2 x -0.000 0.000 -0.704 x 
6.61 x -5.601 -0.643 0.000 x 0 99.000000 4.021000 x 99 41.176809 -8.596229 x 99 41.176809 -8.596229 x 0.000000 0.000000 4659883.5 x 359.4 278.9 279.6 x -0.000 0.000 0.386 x 
6.71 x -5.601 -0.643 0.000 x 0 99.000000 4.021000 x 99 41.176809 -8.596229 x 99 41.176809 -8.596229 x 0.000000 0.000000 4659883.5 x 359.4 278.9 279.6 x -0.000 0.000 0.386 x 
6.81 x -5.601 -0.643 0.000 x 0 99.000000 4.021000 x 99 41.176809 -8.596229 x 99 41.176809 -8.596229 x 0.000000 0.000000 4659883.5 x 359.4 278.9 279.6 x -0.000 0.000 0.386 x 
6.91 x 4.895 -0.566 0.000 x 0 99.000000 14.443000 x 99 41.176811 -8.596230 x 99 41.176811 -8.596230 x 0.000000 0.000000 4659883.7 x 359.1 278.9 279.9 x -0.000 0.000 0.340 x 
7.01 x 4.895 -0.566 0.000 x 0 99.000000 14.443000 x 99 41.176811 -8.596230 x 99 41.176811 -8.596230 x 0.000000 0.000000 4659883.7 x 359.1 278.9 279.9 x -0.000 0.000 0.340 x 
7.11 x 4.895 -0.566 0.000 x 0 99.000000 14.443000 x 99 41.176811 -8.596230 x 99 41.176811 -8.596230 x 0.000000 0.000000 4659883.7 x 359.1 278.9 279.9 x -0.000 0.000 0.340 x 
7.21 x -3.547 0.190 0.000 x 0 99.000000 5.584000 x 99 41.176814 -8.596231 x 99 41.176814 -8.596231 x 0.000000 0.000000 4659884.0 x 0.3 278.9 278.7 x -0.000 0.000 -0.114 x 
7.31 x -3.547 0.190 0.000 x 0 99.000000 5.584000 x 99 41.176814 -8.596231 x 99 41.176814 -8.596231 x 0.000000 0.000000 4659884.0 x 0.3 278.9 278.7 x -0.000 0.000 -0.114 x 
7.41 x -3.547 0.190 0.000 x 0 99.000000 5.584000 x 99 41.176814 -8.596231 x 99 41.176814 -8.596231 x 0.000000 0.000000 4659884.0 x 0.3 278.9 278.7 x -0.000 0.000 -0.114 x 
7.51 x -2.583 0.853 0.000 x 0 99.000000 12.272000 x 99 41.176817 -8.596232 x 99 41.176817 -8.596232 x 0.000000 0.000000 4659884.4 x 358.9 278.9 280.1 x -0.000 0.000 -0.512 x 
7.61 x -2.583 0.853 0.000 x 0 99.000000 12.272000 x 99 41.176817 -8.596232 x 99 41.176817 -8.596232 x 0.000000 0.000000 4659884.4 x 358.9 278.9 280.1 x -0.000 0.000 -0.512 x 
7.71 x -2.583 0.853 0.000 x 0 99.000000 12.272000 x 99 41.176817 -8.596232 x 99 41.176817 -8.596232 x 0.000000 0.000000 4659884.4 x 358.9 278.9 280.1 x -0.000 0.000 -0.512 x 
7.81 x 2.641 -0.661 0.000 x 0 99.000000 2.228000 x 99 41.176819 -8.596233 x 99 41.176819 -8.596233 x 0.000000 0.000000 4659884.6 x 0.6 278.9 278.4 x -0.000 0.000 0.397 x 
7.91 x 2.641 -0.661 0.000 x 0 99.000000 2.228000 x 99 41.176819 -8.596233 x 99 41.176819 -8.596233 x 0.000000 0.000000 4659884.6 x 0.6 278.9 278.4 x -0.000 0.000 0.397 x 
8.01 x 2.641 -0.661 0.000 x 0 99.000000 2.228000 x 99 41.176819 -8.596233 x 99 41.176819 -8.596233 x 0.000000 0.000000 4659884.6 x 0.6 278.9 278.4 x -0.000 0.000 0.397 x 
8.11 x -5.255 0.058 0.000 x 0 99.000000 10.355000 x 99 41.176822 -8.596233 x 99 41.176822 -8.596233 x 0.000000 0.000000 4659884.9 x 359.5 278.9 279.5 x -0.000 0.000 -0.035 x 
8.21 x -5.255 0.058 0.000 x 0 99.000000 10.355000 x 99 41.176822 -8.596233 x 99 41.176822 -8.596233 x 0.000000 0.000000 4659884.9 x 359.5 278.9 279.5 x -0.000 0.000 -0.035 x 
8.31 x -5.255 0.058 0.000 x 0 99.000000 10.355000 x 99 41.176822 -8.596233 x 99 41.176822 -8.596233 x 0.000000 0.000000 4659884.9 x 359.5 278.9 279.5 x -0.000 0.000 -0.035 x 
8.41 x -2.489 -0.644 0.000 x 0 99.000000 13.943000 x 99 41.176825 -8.596234 x 99 41.176825 -8.596234 x 0.000000 0.000000 4659885.3 x 358.7 278.9 280.2 x -0.000 0.000 0.386 x 
8.51 x -2.489 -0.644 0.000 x 0 99.000000 13.943000 x 99 41.176825 -8.596234 x 99 41.176825 -8.596234 x 0.000000 0.000000 4659885.3 x 358.7 278.9 280.2 x -0.000 0.000 0.386 x 
8.61 x -2.489 -0.644 0.000 x 0 99.000000 13.943000 x 99 41.176825 -8.596234 x 99 41.176825 -8.596234 x 0.000000 0.000000 4659885.3 x 358.7 278.9 280.2 x -0.000 0.000 0.386 x 
8.71 x -0.519 0.479 0.000 x 0 99.000000 10.187000 x 99 41.176827 -8.596235 x 99 41.176827 -8.596235 x 0.000000 0.000000 4659885.5 x 358.5 278.9 280.5 x -0.000 0.000 -0.287 x 
8.81 x -0.519 0.479 0.000 x 0 99.000000 10.187000 x 99 41.176827 -8.596235 x 99 41.176827 -8.596235 x 0.000000 0.000000 4659885.5 x 358.5 278.9 280.5 x -0.000 0.000 -0.287 x 
8.91 x -0.519 0.479 0.000 x 0 99.000000 10.187000 x 99 41.176827 -8.596235 x 99 41.176827 -8.596235 x 0.000000 0.000000 4659885.5 x 358.5 278.9 280.5 x -0.000 0.000 -0.287 x 
9.01 x -5.832 -0.360 0.000 x 0 99.000000 6.580000 x 99 41.176830 -8.596236 x 99 41.176830 -8.596236 x 0.000000 0.000000 4659885.9 x 0.4 278.9 278.5 x -0.000 0.000 0.216 x 
9.11 x -5.832 -0.360 0.000 x 0 99.000000 6.580000 x 99 41.176830 -8.596236 x 99 41.176830 -8.596236 x 0.000000 0.000000 4659885.9 x 0.4 278.9 278.5 x -0.000 0.000 0.216 x 
9.21 x -5.832 -0.360 0.000 x 0 99.000000 6.580000 x 99 41.176830 -8.596236 x 99 41.176830 -8.596236 x 0.000000 0.000000 4659885.9 x 0.4 278.9 278.5 x -0.000 0.000 0.216 x 
9.31 x -0.584 -0.036 0.000 x 0 99.000000 12.365000 x 99 41.176833 -8.596237 x 99 41.176833 -8.596237 x 0.000000 0.000000 4659886.2 x 359.2 278.9 279.7 x -0.000 0.000 0.022 x 
9.41 x -0.584 -0.036 0.000 x 0 99.000000 12.365000 x 99 41.176833 -8.596237 x 99 41.176833 -8.596237 x 0.000000 0.000000 4659886.2 x 359.2 278.9 279.7 x -0.000 0.000 0.022 x 
9.51 x -0.584 -0.036 0.000 x 0 99.000000 12.365000 x 99 41.176833 -8.596237 x 99 41.176833 -8.596237 x 0.000000 0.000000 4659886.2 x 359.2 278.9 279.7 x -0.000 0.000 0.022 x 
9.61 x -1.893 0.673 0.000 x 0 99.000000 15.219000 x 99 41.176836 -8.596238 x 99 41.176836 -8.596238 x 0.000000 0.000000 4659886.6 x 0.5 278.9 278.4 x -0.000 0.000 -0.404 x 
9.71 x -1.893 0.673 0.000 x 0 99.000000 15.219000 x 99 41.176836 -8.596238 x 99 41.176836 -8.596238 x 0.000000 0.000000 4659886.6 x 0.5 278.9 278.4 x -0.000 0.000 -0.404 x 
9.81 x -1.893 0.673 0.000 x 0 99.000000 15.219000 x 99 41.176836 -8.596238 x 99 41.176836 -8.596238 x 0.000000 0.000000 4659886.6 x 0.5 278.9 278.4 x -0.000 0.000 -0.404 x 
9.91 x 1.439 -0.712 0.000 x 0 99.000000 5.337000 x 99 41.176839 -8.596240 x 99 41.176839 -8.596240 x 0.000000 0.000000 4659886.9 x 359.5 278.9 279.5 x -0.000 0.000 0.427 x 
10.01 x 1.439 -0.712 0.000 x 0 99.000000 5.337000 x 99 41.176839 -8.596240 x 99 41.176839 -8.596240 x 0.000000 0.000000 4659886.9 x 359.5 278.9 279.5 x -0.000 0.000 0.427 x 
10.11 x 1.439 -0.712 0.000 x 0 99.000000 5.337000 x 99 41.176839 -8.596240 x 99 41.176839 -8.596240 x 0.000000 0.000000 4659886.9 x 359.5 278.9 279.5 x -0.000 0.000 0.427 x 
