time GPSalt Ualt qlty nsats rlat rlon slat slon tlat tlon dist head absBear relBear pitch roll up
1.48 x 0.000 10.375 0.000 x 0 0.000000 0.000000 x 0 0.000000 0.000000 x 0 0.000000 0.000000 x 41.176752 -8.596227 -1.0 x 359.4 98.9 99.5 x 0.000 0.000 0.980 x 
1.62 x 1.762 10.579 0.000 x 10 99.000000 2.937000 x 99 41.176766 -8.596227 x 99 41.176766 -8.596227 x 0.000000 0.000000 4659878.8 x 0.6 278.9 278.3 x -0.000 0.000 -0.980 x 
1.72 x 1.762 10.579 0.000 x 10 99.000000 2.937000 x 99 41.176766 -8.596227 x 99 41.176766 -8.596227 x 0.000000 0.000000 4659878.8 x 0.6 278.9 278.3 x -0.000 0.000 -0.980 x 
1.82 x 1.762 10.579 0.000 x 10 99.000000 2.937000 x 99 41.176766 -8.596227 x 99 41.176766 -8.596227 x 0.000000 0.000000 4659878.8 x 0.6 278.9 278.3 x -0.000 0.000 -0.980 x 
1.92 x -5.039 7.929 0.000 x 8 99.000000 -5.132000 x 99 41.176769 -8.596227 x 99 41.176769 -8.596227 x 0.000000 0.000000 4659879.1 x 358.5 278.9 280.5 x -0.000 0.000 -0.980 x 
2.02 x -5.039 7.929 0.000 x 8 99.000000 -5.132000 x 99 41.176769 -8.596227 x 99 41.176769 -8.596227 x 0.000000 0.000000 4659879.1 x 358.5 278.9 280.5 x -0.000 0.000 -0.980 x 
2.12 x -5.039 7.929 0.000 x 8 99.000000 -5.132000 x 99 41.176769 -8.596227 x 99 41.176769 -8.596227 x 0.000000 0.000000 4659879.1 x 358.5 278.9 280.5 x -0.000 0.000 -0.980 x 
2.22 x -6.352 7.733 0.000 x 7 99.000000 -6.208000 x 99 41.176771 -8.596227 x 99 41.176771 -8.596227 x 0.000000 0.000000 4659879.3 x 1.7 278.9 277.2 x -0.000 0.000 -0.980 x 
2.32 x -6.352 7.733 0.000 x 7 99.000000 -6.208000 x 99 41.176771 -8.596227 x 99 41.176771 -8.596227 x 0.000000 0.000000 4659879.3 x 1.7 278.9 277.2 x -0.000 0.000 -0.980 x 
2.42 x -6.352 7.733 0.000 x 7 99.000000 -6.208000 x 99 41.176771 -8.596227 x 99 41.176771 -8.596227 x 0.000000 0.000000 4659879.3 x 1.7 278.9 277.2 x -0.000 0.000 -0.980 x 
2.52 x -3.042 5.369 0.000 x 5 99.000000 -1.303000 x 99 41.176774 -8.596226 x 99 41.176774 -8.596226 x 0.000000 0.000000 4659879.6 x 0.6 278.9 278.3 x -0.000 0.000 -0.980 x 
2.62 x -3.042 5.369 0.000 x 5 99.000000 -1.303000 x 99 41.176774 -8.596226 x 99 41.176774 -8.596226 x 0.000000 0.000000 4659879.6 x 0.6 278.9 278.3 x -0.000 0.000 -0.980 x 
2.72 x -3.042 5.369 0.000 x 5 99.000000 -1.303000 x 99 41.176774 -8.596226 x 99 41.176774 -8.596226 x 0.000000 0.000000 4659879.6 x 0.6 278.9 278.3 x -0.000 0.000 -0.980 x 
2.82 x 1.346 4.282 0.000 x 4 99.000000 1.873000 x 99 41.176777 -8.596226 x 99 41.176777 -8.596226 x 0.000000 0.000000 4659879.9 x 0.5 278.9 278.4 x -0.000 0.000 -0.980 x 
2.92 x 1.346 4.282 0.000 x 4 99.000000 1.873000 x 99 41.176777 -8.596226 x 99 41.176777 -8.596226 x 0.000000 0.000000 4659879.9 x 0.5 278.9 278.4 x -0.000 0.000 -0.980 x 
3.02 x 1.346 4.282 0.000 x 4 99.000000 1.873000 x 99 41.176777 -8.596226 x 99 41.176777 -8.596226 x 0.000000 0.000000 4659879.9 x 0.5 278.9 278.4 x -0.000 0.000 -0.980 x 
3.12 x 0.418 3.615 0.000 x 2 99.000000 12.765000 x 99 41.176780 -8.596226 x 99 41.176780 -8.596226 x 0.000000 0.000000 4659880.3 x 1.9 278.9 277.0 x -0.000 0.000 -0.980 x 
3.22 x 0.418 3.615 0.000 x 2 99.000000 12.765000 x 99 41.176780 -8.596226 x 99 41.176780 -8.596226 x 0.000000 0.000000 4659880.3 x 1.9 278.9 277.0 x -0.000 0.000 -0.980 x 
3.32 x 0.418 3.615 0.000 x 2 99.000000 12.765000 x 99 41.176780 -8.596226 x 99 41.176780 -8.596226 x 0.000000 0.000000 4659880.3 x 1.9 278.9 277.0 x -0.000 0.000 -0.980 x 
3.42 x -5.264 2.202 0.000 x 1 99.000000 -4.931000 x 99 41.176783 -8.596225 x 99 41.176783 -8.596225 x 0.000000 0.000000 4659880.6 x 358.4 278.9 280.6 x -0.000 0.000 -0.980 x 
3.52 x -5.264 2.202 0.000 x 1 99.000000 -4.931000 x 99 41.176783 -8.596225 x 99 41.176783 -8.596225 x 0.000000 0.000000 4659880.6 x 358.4 278.9 280.6 x -0.000 0.000 -0.980 x 
3.62 x -5.264 2.202 0.000 x 1 99.000000 -4.931000 x 99 41.176783 -8.596225 x 99 41.176783 -8.596225 x 0.000000 0.000000 4659880.6 x 358.4 278.9 280.6 x -0.000 0.000 -0.980 x 
3.72 x 0.092 0.259 0.000 x 0 99.000000 0.518000 x 99 41.176786 -8.596225 x 99 41.176786 -8.596225 x 0.000000 0.000000 4659880.9 x 0.8 278.9 278.2 x -0.000 0.000 -0.155 x 
3.82 x 0.092 0.259 0.000 x 0 99.000000 0.518000 x 99 41.176786 -8.596225 x 99 41.176786 -8.596225 x 0.000000 0.000000 4659880.9 x 0.8 278.9 278.2 x -0.000 0.000 -0.155 x 
3.92 x 0.092 0.259 0.000 x 0 99.000000 0.518000 x 99 41.176786 -8.596225 x 99 41.176786 -8.596225 x 0.000000 0.000000 4659880.9 x 0.8 278.9 278.2 x -0.000 0.000 -0.155 x 
4.02 x 2.685 -0.318 0.000 x 0 99.000000 -0.205000 x 99 41.176789 -8.596225 x 99 41.176789 -8.596225 x 0.000000 0.000000 4659881.2 x 358.7 278.9 280.2 x -0.000 0.000 0.191 x 
4.12 x 2.685 -0.318 0.000 x 0 99.000000 -0.205000 x 99 41.176789 -8.596225 x 99 41.176789 -8.596225 x 0.000000 0.000000 4659881.2 x 358.7 278.9 280.2 x -0.000 0.000 0.191 x 
4.22 x 2.685 -0.318 0.000 x 0 99.000000 -0.205000 x 99 41.176789 -8.596225 x 99 41.176789 -8.596225 x 0.000000 0.000000 4659881.2 x 358.7 278.9 280.2 x -0.000 0.000 0.191 x 
4.32 x 1.427 -0.368 0.000 x 0 99.000000 12.701000 x 99 41.176791 -8.596225 x 99 41.176791 -8.596225 x 0.000000 0.000000 4659881.4 x 358.9 278.9 280.1 x -0.000 0.000 0.221 x 
4.42 x 1.427 -0.368 0.000 x 0 99.000000 12.701000 x 99 41.176791 -8.596225 x 99 41.176791 -8.596225 x 0.000000 0.000000 4659881.4 x 358.9 278.9 280.1 x -0.000 0.000 0.221 x 
4.52 x 1.427 -0.368 0.000 x 0 99.000000 12.701000 x 99 41.176791 -8.596225 x 99 41.176791 -8.596225 x 0.000000 0.000000 4659881.4 x 358.9 278.9 280.1 x -0.000 0.000 0.221 x 
4.62 x 1.762 0.325 0.000 x 0 99.000000 -0.317000 x 99 41.176794 -8.596225 x 99 41.176794 -8.596225 x 0.000000 0.000000 4659881.8 x 0.4 278.9 278.5 x -0.000 0.000 -0.195 x 
4.72 x 1.762 0.325 0.000 x 0 99.000000 -0.317000 x 99 41.176794 -8.596225 x 99 41.176794 -8.596225 x 0.000000 0.000000 4659881.8 x 0.4 278.9 278.5 x -0.000 0.000 -0.195 x 
4.82 x 1.762 0.325 0.000 x 0 99.000000 -0.317000 x 99 41.176794 -8.596225 x 99 41.176794 -8.596225 x 0.000000 0.000000 4659881.8 x 0.4 278.9 278.5 x -0.000 0.000 -0.195 x 
4.92 x -3.843 -0.167 0.000 x 0 99.000000 2.354000 x 99 41.176797 -8.596226 x 99 41.176797 -8.596226 x 0.000000 0.000000 4659882.1 x 359.3 278.9 279.6 x -0.000 0.000 0.100 x 
5.02 x -3.843 -0.167 0.000 x 0 99.000000 2.354000 x 99 41.176797 -8.596226 x 99 41.176797 -8.596226 x 0.000000 0.000000 4659882.1 x 359.3 278.9 279.6 x -0.000 0.000 0.100 x 
5.12 x -3.843 -0.167 0.000 x 0 99.000000 2.354000 x 99 41.176797 -8.596226 x 99 41.176797 -8.596226 x 0.000000 0.000000 4659882.1 x 359.3 278.9 279.6 x -0.000 0.000 0.100 x 
5.22 x 5.937 -0.501 0.000 x 0 99.000000 0.661000 x 99 41.176800 -8.596226 x 99 41.176800 -8.596226 x 0.000000 0.000000 4659882.4 x 1.3 278.9 277.6 x -0.000 0.000 0.301 x 
5.32 x 5.937 -0.501 0.000 x 0 99.000000 0.661000 x 99 41.176800 -8.596226 x 99 41.176800 -8.596226 x 0.000000 0.000000 4659882.4 x 1.3 278.9 277.6 x -0.000 0.000 0.301 x 
5.42 x 5.937 -0.501 0.000 x 0 99.000000 0.661000 x 99 41.176800 -8.596226 x 99 41.176800 -8.596226 x 0.000000 0.000000 4659882.4 x 1.3 278.9 277.6 x -0.000 0.000 0.301 x 
5.52 x 9.382 -0.221 0.000 x 0 99.000000 4.338000 x 99 41.176803 -8.596226 x 99 41.176803 -8.596226 x 0.000000 0.000000 4659882.8 x 358.4 278.9 280.5 x -0.000 0.000 0.133 x 
5.62 x 9.382 -0.221 0.000 x 0 99.000000 4.338000 x 99 41.176803 -8.596226 x 99 41.176803 -8.596226 x 0.000000 0.000000 4659882.8 x 358.4 278.9 280.5 x -0.000 0.000 0.133 x 
5.72 x 9.382 -0.221 0.000 x 0 99.000000 4.338000 x 99 41.176803 -8.596226 x 99 41.176803 -8.596226 x 0.000000 0.000000 4659882.8 x 358.4 278.9 280.5 x -0.000 0.000 0.133 x 
5.82 x -5.234 0.341 0.000 x 0 99.000000 4.268000 x 99 41.176806 -8.596227 x 99 41.176806 -8.596227 x 0.000000 0.000000 4659883.1 x 0.8 278.9 278.1 x -0.000 0.000 -0.205 x 
5.92 x -5.234 0.341 0.000 x 0 99.000000 4.268000 x 99 41.176806 -8.596227 x 99 41.176806 -8.596227 x 0.000000 0.000000 4659883.1 x 0.8 278.9 278.1 x -0.000 0.000 -0.205 x 
6.02 x -5.234 0.341 0.000 x 0 99.000000 4.268000 x 99 41.176806 -8.596227 x 99 41.176806 -8.596227 x 0.000000 0.000000 4659883.1 x 0.8 278.9 278.1 x -0.000 0.000 -0.205 x 
6.12 x 2.112 0.030 0.000 x 0 99.000000 1.939000 x 99 41.176808 -8.596227 x 99 41.176808 -8.596227 x 0.000000 0.000000 4659883.3 x 0.7 278.9 278.3 x -0.000 0.000 -0.018 x 
6.22 x 2.112 0.030 0.000 x 0 99.000000 1.939000 x 99 41.176808 -8.596227 x 99 41.176808 -8.596227 x 0.000000 0.000000 4659883.3 x 0.7 278.9 278.3 x -0.000 0.000 -0.018 x 
6.32 x 2.112 0.030 0.000 x 0 99.000000 1.939000 x 99 41.176808 -8.596227 x 99 41.176808 -8.596227 x 0.000000 0.000000 4659883.3 x 0.7 278.9 278.3 x -0.000 0.000 -0.018 x 
6.42 x 15.105 -0.191 0.000 x 0 99.000000 11.539000 x 99 41.176811 -8.596227 x 99 41.176811 -8.596227 x 0.000000 0.000000 4659883.6 x 358.8 278.9 280.1 x -0.000 0.000 0.115 x 
6.52 x 15.105 -0.191 0.000 x 0 99.000000 11.539000 x 99 41.176811 -8.596227 x 99 41.176811 -8.596227 x 0.000000 0.000000 4659883.6 x 358.8 278.9 280.1 x -0.000 0.000 0.115 x 
6.62 x 15.105 -0.191 0.000 x 0 99.000000 11.539000 x 99 41.176811 -8.596227 x 99 41.176811 -8.596227 x 0.000000 0.000000 4659883.6 x 358.8 278.9 280.1 x -0.000 0.000 0.115 x 
6.72 x 3.766 0.409 0.000 x 0 99.000000 12.183000 x 99 41.176814 -8.596228 x 99 41.176814 -8.596228 x 0.000000 0.000000 4659884.0 x 0.2 278.9 278.8 x -0.000 0.000 -0.245 x 
6.82 x 3.766 0.409 0.000 x 0 99.000000 12.183000 x 99 41.176814 -8.596228 x 99 41.176814 -8.596228 x 0.000000 0.000000 4659884.0 x 0.2 278.9 278.8 x -0.000 0.000 -0.245 x 
6.92 x 3.766 0.409 0.000 x 0 99.000000 12.183000 x 99 41.176814 -8.596228 x 99 41.176814 -8.596228 x 0.000000 0.000000 4659884.0 x 0.2 278.9 278.8 x -0.000 0.000 -0.245 x 
7.02 x 1.673 -0.062 0.000 x 0 99.000000 12.869000 x 99 41.176816 -8.596228 x 99 41.176816 -8.596228 x 0.000000 0.000000 4659884.2 x 359.0 278.9 279.9 x -0.000 0.000 0.037 x 
7.12 x 1.673 -0.062 0.000 x 0 99.000000 12.869000 x 99 41.176816 -8.596228 x 99 41.176816 -8.596228 x 0.000000 0.000000 4659884.2 x 359.0 278.9 279.9 x -0.000 0.000 0.037 x 
7.22 x 1.673 -0.062 0.000 x 0 99.000000 12.869000 x 99 41.176816 -8.596228 x 99 41.176816 -8.596228 x 0.000000 0.000000 4659884.2 x 359.0 278.9 279.9 x -0.000 0.000 0.037 x 
7.32 x 1.442 -0.327 0.000 x 0 99.000000 7.884000 x 99 41.176819 -8.596229 x 99 41.176819 -8.596229 x 0.000000 0.000000 4659884.5 x 359.8 278.9 279.1 x -0.000 0.000 0.196 x 
7.42 x 1.442 -0.327 0.000 x 0 99.000000 7.884000 x 99 41.176819 -8.596229 x 99 41.176819 -8.596229 x 0.000000 0.000000 4659884.5 x 359.8 278.9 279.1 x -0.000 0.000 0.196 x 
7.52 x 1.442 -0.327 0.000 x 0 99.000000 7.884000 x 99 41.176819 -8.596229 x 99 41.176819 -8.596229 x 0.000000 0.000000 4659884.5 x 359.8 278.9 279.1 x -0.000 0.000 0.196 x 
7.62 x -4.508 -0.161 0.000 x 0 99.000000 2.324000 x 99 41.176822 -8.596230 x 99 41.176822 -8.596230 x 0.000000 0.000000 4659884.9 x 0.3 278.9 278.6 x -0.000 0.000 0.097 x 
7.72 x -4.508 -0.161 0.000 x 0 99.000000 2.324000 x 99 41.176822 -8.596230 x 99 41.176822 -8.596230 x 0.000000 0.000000 4659884.9 x 0.3 278.9 278.6 x -0.000 0.000 0.097 x 
7.82 x -4.508 -0.161 0.000 x 0 99.000000 2.324000 x 99 41.176822 -8.596230 x 99 41.176822 -8.596230 x 0.000000 0.000000 4659884.9 x 0.3 278.9 278.6 x -0.000 0.000 0.097 x 
7.92 x -0.975 0.539 0.000 x 0 99.000000 14.106000 x 99 41.176825 -8.596231 x 99 41.176825 -8.596231 x 0.000000 0.000000 4659885.2 x 0.5 278.9 278.4 x -0.000 0.000 -0.323 x 
8.02 x -0.975 0.539 0.000 x 0 99.000000 14.106000 x 99 41.176825 -8.596231 x 99 41.176825 -8.596231 x 0.000000 0.000000 4659885.2 x 0.5 278.9 278.4 x -0.000 0.000 -0.323 x 
8.12 x -0.975 0.539 0.000 x 0 99.000000 14.106000 x 99 41.176825 -8.596231 x 99 41.176825 -8.596231 x 0.000000 0.000000 4659885.2 x 0.5 278.9 278.4 x -0.000 0.000 -0.323 x 
8.22 x 5.104 0.350 0.000 x 0 99.000000 2.840000 x 99 41.176828 -8.596231 x 99 41.176828 -8.596231 x 0.000000 0.000000 4659885.6 x 1.2 278.9 277.8 x -0.000 0.000 -0.210 x 
8.32 x 5.104 0.350 0.000 x 0 99.000000 2.840000 x 99 41.176828 -8.596231 x 99 41.176828 -8.596231 x 0.000000 0.000000 4659885.6 x 1.2 278.9 277.8 x -0.000 0.000 -0.210 x 
8.42 x 5.104 0.350 0.000 x 0 99.000000 2.840000 x 99 41.176828 -8.596231 x 99 41.176828 -8.596231 x 0.000000 0.000000 4659885.6 x 1.2 278.9 277.8 x -0.000 0.000 -0.210 x 
8.52 x 10.481 0.586 0.000 x 0 99.000000 10.922000 x 99 41.176830 -8.596232 x 99 41.176830 -8.596232 x 0.000000 0.000000 4659885.8 x 0.6 278.9 278.4 x -0.000 0.000 -0.352 x 
8.62 x 10.481 0.586 0.000 x 0 99.000000 10.922000 x 99 41.176830 -8.596232 x 99 41.176830 -8.596232 x 0.000000 0.000000 4659885.8 x 0.6 278.9 278.4 x -0.000 0.000 -0.352 x 
8.72 x 10.481 0.586 0.000 x 0 99.000000 10.922000 x 99 41.176830 -8.596232 x 99 41.176830 -8.596232 x 0.000000 0.000000 4659885.8 x 0.6 278.9 278.4 x -0.000 0.000 -0.352 x 
8.82 x 0.906 -0.472 0.000 x 0 99.000000 7.506000 x 99 41.176833 -8.596232 x 99 41.176833 -8.596232 x 0.000000 0.000000 4659886.1 x 357.6 278.9 281.4 x -0.000 0.000 0.283 x 
8.92 x 0.906 -0.472 0.000 x 0 99.000000 7.506000 x 99 41.176833 -8.596232 x 99 41.176833 -8.596232 x 0.000000 0.000000 4659886.1 x 357.6 278.9 281.4 x -0.000 0.000 0.283 x 
9.02 x 0.906 -0.472 0.000 x 0 99.000000 7.506000 x 99 41.176833 -8.596232 x 99 41.176833 -8.596232 x 0.000000 0.000000 4659886.1 x 357.6 278.9 281.4 x -0.000 0.000 0.283 x 
9.12 x -1.566 -0.439 0.000 x 0 99.000000 4.314000 x 99 41.176836 -8.596233 x 99 41.176836 -8.596233 x 0.000000 0.000000 4659886.5 x 357.9 278.9 281.1 x -0.000 0.000 0.263 x 
9.23 x -1.566 -0.439 0.000 x 0 99.000000 4.314000 x 99 41.176836 -8.596233 x 99 41.176836 -8.596233 x 0.000000 0.000000 4659886.5 x 357.9 278.9 281.1 x -0.000 0.000 0.263 x 
9.33 x -1.566 -0.439 0.000 x 0 99.000000 4.314000 x 99 41.176836 -8.596233 x 99 41.176836 -8.596233 x 0.000000 0.000000 4659886.5 x 357.9 278.9 281.1 x -0.000 0.000 0.263 x 
9.43 x 2.444 -0.439 0.000 x 0 99.000000 1.481000 x 99 41.176839 -8.596234 x 99 41.176839 -8.596234 x 0.000000 0.000000 4659886.8 x 0.2 278.9 278.7 x -0.000 0.000 0.263 x 
9.53 x 2.444 -0.439 0.000 x 0 99.000000 1.481000 x 99 41.176839 -8.596234 x 99 41.176839 -8.596234 x 0.000000 0.000000 4659886.8 x 0.2 278.9 278.7 x -0.000 0.000 0.263 x 
9.63 x 2.444 -0.439 0.000 x 0 99.000000 1.481000 x 99 41.176839 -8.596234 x 99 41.176839 -8.596234 x 0.000000 0.000000 4659886.8 x 0.2 278.9 278.7 x -0.000 0.000 0.263 x 
9.73 x -0.376 0.631 0.000 x 0 99.000000 5.209000 x 99 41.176842 -8.596235 x 99 41.176842 -8.596235 x 0.000000 0.000000 4659887.1 x 358.8 278.9 280.1 x -0.000 0.000 -0.379 x 
9.83 x -0.376 0.631 0.000 x 0 99.000000 5.209000 x 99 41.176842 -8.596235 x 99 41.176842 -8.596235 x 0.000000 0.000000 4659887.1 x 358.8 278.9 280.1 x -0.000 0.000 -0.379 x 
