time GPSalt Ualt qlty nsats rlat rlon slat slon tlat tlon dist head absBear relBear pitch roll up
1.98 x 0.000 9.921 0.000 x 0 0.000000 0.000000 x 0 0.000000 0.000000 x 0 0.000000 0.000000 x 41.176752 -8.596227 -1.0 x 359.7 98.9 99.2 x 0.000 0.000 0.980 x 
2.12 x -9.928 10.205 0.000 x 10 99.000000 0.435000 x 99 41.176767 -8.596227 x 99 41.176767 -8.596227 x 0.000000 0.000000 4659878.9 x 0.6 278.9 278.3 x -0.000 0.000 -0.980 x 
2.22 x -9.928 10.205 0.000 x 10 99.000000 0.435000 x 99 41.176767 -8.596227 x 99 41.176767 -8.596227 x 0.000000 0.000000 4659878.9 x 0.6 278.9 278.3 x -0.000 0.000 -0.980 x 
2.32 x -2.559 8.934 0.000 x 9 99.000000 -2.416000 x 99 41.176770 -8.596227 x 99 41.176770 -8.596227 x 0.000000 0.000000 4659879.2 x 358.7 278.9 280.2 x -0.000 0.000 -0.980 x 
2.42 x -2.559 8.934 0.000 x 9 99.000000 -2.416000 x 99 41.176770 -8.596227 x 99 41.176770 -8.596227 x 0.000000 0.000000 4659879.2 x 358.7 278.9 280.2 x -0.000 0.000 -0.980 x 
2.52 x -2.559 8.934 0.000 x 9 99.000000 -2.416000 x 99 41.176770 -8.596227 x 99 41.176770 -8.596227 x 0.000000 0.000000 4659879.2 x 358.7 278.9 280.2 x -0.000 0.000 -0.980 x 
2.62 x 2.198 7.149 0.000 x 7 99.000000 4.708000 x 99 41.176772 -8.596227 x 99 41.176772 -8.596227 x 0.000000 0.000000 4659879.4 x 359.1 278.9 279.8 x -0.000 0.000 -0.980 x 
2.72 x 2.198 7.149 0.000 x 7 99.000000 4.708000 x 99 41.176772 -8.596227 x 99 41.176772 -8.596227 x 0.000000 0.000000 4659879.4 x 359.1 278.9 279.8 x -0.000 0.000 -0.980 x 
2.82 x 2.198 7.149 0.000 x 7 99.000000 4.708000 x 99 41.176772 -8.596227 x 99 41.176772 -8.596227 x 0.000000 0.000000 4659879.4 x 359.1 278.9 279.8 x -0.000 0.000 -0.980 x 
2.92 x -2.672 6.156 0.000 x 6 99.000000 0.815000 x 99 41.176775 -8.596227 x 99 41.176775 -8.596227 x 0.000000 0.000000 4659879.7 x 0.1 278.9 278.8 x -0.000 0.000 -0.980 x 
3.02 x -2.672 6.156 0.000 x 6 99.000000 0.815000 x 99 41.176775 -8.596227 x 99 41.176775 -8.596227 x 0.000000 0.000000 4659879.7 x 0.1 278.9 278.8 x -0.000 0.000 -0.980 x 
3.12 x -2.672 6.156 0.000 x 6 99.000000 0.815000 x 99 41.176775 -8.596227 x 99 41.176775 -8.596227 x 0.000000 0.000000 4659879.7 x 0.1 278.9 278.8 x -0.000 0.000 -0.980 x 
3.22 x 4.607 4.280 0.000 x 4 99.000000 1.889000 x 99 41.176778 -8.596227 x 99 41.176778 -8.596227 x 0.000000 0.000000 4659880.1 x 0.3 278.9 278.6 x -0.000 0.000 -0.980 x 
3.32 x 4.607 4.280 0.000 x 4 99.000000 1.889000 x 99 41.176778 -8.596227 x 99 41.176778 -8.596227 x 0.000000 0.000000 4659880.1 x 0.3 278.9 278.6 x -0.000 0.000 -0.980 x 
3.42 x 4.607 4.280 0.000 x 4 99.000000 1.889000 x 99 41.176778 -8.596227 x 99 41.176778 -8.596227 x 0.000000 0.000000 4659880.1 x 0.3 278.9 278.6 x -0.000 0.000 -0.980 x 
3.52 x 2.429 3.229 0.000 x 3 99.000000 -1.875000 x 99 41.176780 -8.596227 x 99 41.176780 -8.596227 x 0.000000 0.000000 4659880.3 x 359.6 278.9 279.3 x -0.000 0.000 -0.980 x 
3.62 x 2.429 3.229 0.000 x 3 99.000000 -1.875000 x 99 41.176780 -8.596227 x 99 41.176780 -8.596227 x 0.000000 0.000000 4659880.3 x 359.6 278.9 279.3 x -0.000 0.000 -0.980 x 
3.72 x 2.429 3.229 0.000 x 3 99.000000 -1.875000 x 99 41.176780 -8.596227 x 99 41.176780 -8.596227 x 0.000000 0.000000 4659880.3 x 359.6 278.9 279.3 x -0.000 0.000 -0.980 x 
3.82 x 4.622 1.312 0.000 x 1 99.000000 1.015000 x 99 41.176783 -8.596226 x 99 41.176783 -8.596226 x 0.000000 0.000000 4659880.6 x 0.6 278.9 278.4 x -0.000 0.000 -0.787 x 
3.92 x 4.622 1.312 0.000 x 1 99.000000 1.015000 x 99 41.176783 -8.596226 x 99 41.176783 -8.596226 x 0.000000 0.000000 4659880.6 x 0.6 278.9 278.4 x -0.000 0.000 -0.787 x 
4.02 x 4.622 1.312 0.000 x 1 99.000000 1.015000 x 99 41.176783 -8.596226 x 99 41.176783 -8.596226 x 0.000000 0.000000 4659880.6 x 0.6 278.9 278.4 x -0.000 0.000 -0.787 x 
4.12 x 4.782 0.917 0.000 x 0 99.000000 -3.896000 x 99 41.176786 -8.596226 x 99 41.176786 -8.596226 x 0.000000 0.000000 4659880.9 x 359.3 278.9 279.6 x -0.000 0.000 -0.550 x 
4.22 x 4.782 0.917 0.000 x 0 99.000000 -3.896000 x 99 41.176786 -8.596226 x 99 41.176786 -8.596226 x 0.000000 0.000000 4659880.9 x 359.3 278.9 279.6 x -0.000 0.000 -0.550 x 
4.32 x 4.782 0.917 0.000 x 0 99.000000 -3.896000 x 99 41.176786 -8.596226 x 99 41.176786 -8.596226 x 0.000000 0.000000 4659880.9 x 359.3 278.9 279.6 x -0.000 0.000 -0.550 x 
4.42 x -5.022 0.072 0.000 x 0 99.000000 -10.784000 x 99 41.176789 -8.596226 x 99 41.176789 -8.596226 x 0.000000 0.000000 4659881.2 x 359.4 278.9 279.5 x -0.000 0.000 -0.043 x 
4.52 x -5.022 0.072 0.000 x 0 99.000000 -10.784000 x 99 41.176789 -8.596226 x 99 41.176789 -8.596226 x 0.000000 0.000000 4659881.2 x 359.4 278.9 279.5 x -0.000 0.000 -0.043 x 
4.62 x -5.022 0.072 0.000 x 0 99.000000 -10.784000 x 99 41.176789 -8.596226 x 99 41.176789 -8.596226 x 0.000000 0.000000 4659881.2 x 359.4 278.9 279.5 x -0.000 0.000 -0.043 x 
4.72 x -3.087 -0.365 0.000 x 0 99.000000 5.018000 x 99 41.176792 -8.596226 x 99 41.176792 -8.596226 x 0.000000 0.000000 4659881.6 x 1.0 278.9 277.9 x -0.000 0.000 0.219 x 
4.82 x -3.087 -0.365 0.000 x 0 99.000000 5.018000 x 99 41.176792 -8.596226 x 99 41.176792 -8.596226 x 0.000000 0.000000 4659881.6 x 1.0 278.9 277.9 x -0.000 0.000 0.219 x 
4.92 x -3.087 -0.365 0.000 x 0 99.000000 5.018000 x 99 41.176792 -8.596226 x 99 41.176792 -8.596226 x 0.000000 0.000000 4659881.6 x 1.0 278.9 277.9 x -0.000 0.000 0.219 x 
5.02 x -0.339 -0.012 0.000 x 0 99.000000 6.026000 x 99 41.176795 -8.596226 x 99 41.176795 -8.596226 x 0.000000 0.000000 4659881.9 x 0.8 278.9 278.2 x -0.000 0.000 0.007 x 
5.12 x -0.339 -0.012 0.000 x 0 99.000000 6.026000 x 99 41.176795 -8.596226 x 99 41.176795 -8.596226 x 0.000000 0.000000 4659881.9 x 0.8 278.9 278.2 x -0.000 0.000 0.007 x 
5.22 x -0.339 -0.012 0.000 x 0 99.000000 6.026000 x 99 41.176795 -8.596226 x 99 41.176795 -8.596226 x 0.000000 0.000000 4659881.9 x 0.8 278.9 278.2 x -0.000 0.000 0.007 x 
5.32 x -1.929 0.158 0.000 x 0 99.000000 7.623000 x 99 41.176798 -8.596226 x 99 41.176798 -8.596226 x 0.000000 0.000000 4659882.2 x 1.4 278.9 277.5 x -0.000 0.000 -0.095 x 
5.42 x -1.929 0.158 0.000 x 0 99.000000 7.623000 x 99 41.176798 -8.596226 x 99 41.176798 -8.596226 x 0.000000 0.000000 4659882.2 x 1.4 278.9 277.5 x -0.000 0.000 -0.095 x 
5.52 x -1.929 0.158 0.000 x 0 99.000000 7.623000 x 99 41.176798 -8.596226 x 99 41.176798 -8.596226 x 0.000000 0.000000 4659882.2 x 1.4 278.9 277.5 x -0.000 0.000 -0.095 x 
5.62 x 1.439 0.137 0.000 x 0 99.000000 9.603000 x 99 41.176801 -8.596227 x 99 41.176801 -8.596227 x 0.000000 0.000000 4659882.6 x 359.3 278.9 279.7 x -0.000 0.000 -0.082 x 
5.72 x 1.439 0.137 0.000 x 0 99.000000 9.603000 x 99 41.176801 -8.596227 x 99 41.176801 -8.596227 x 0.000000 0.000000 4659882.6 x 359.3 278.9 279.7 x -0.000 0.000 -0.082 x 
5.82 x 1.439 0.137 0.000 x 0 99.000000 9.603000 x 99 41.176801 -8.596227 x 99 41.176801 -8.596227 x 0.000000 0.000000 4659882.6 x 359.3 278.9 279.7 x -0.000 0.000 -0.082 x 
5.92 x 3.098 -0.743 0.000 x 0 99.000000 8.529000 x 99 41.176804 -8.596227 x 99 41.176804 -8.596227 x 0.000000 0.000000 4659882.9 x 359.9 278.9 279.1 x -0.000 0.000 0.446 x 
6.02 x 3.098 -0.743 0.000 x 0 99.000000 8.529000 x 99 41.176804 -8.596227 x 99 41.176804 -8.596227 x 0.000000 0.000000 4659882.9 x 359.9 278.9 279.1 x -0.000 0.000 0.446 x 
6.12 x 3.098 -0.743 0.000 x 0 99.000000 8.529000 x 99 41.176804 -8.596227 x 99 41.176804 -8.596227 x 0.000000 0.000000 4659882.9 x 359.9 278.9 279.1 x -0.000 0.000 0.446 x 
6.22 x -6.735 0.006 0.000 x 0 99.000000 10.712000 x 99 41.176807 -8.596227 x 99 41.176807 -8.596227 x 0.000000 0.000000 4659883.2 x 1.0 278.9 278.0 x -0.000 0.000 -0.004 x 
6.32 x -6.735 0.006 0.000 x 0 99.000000 10.712000 x 99 41.176807 -8.596227 x 99 41.176807 -8.596227 x 0.000000 0.000000 4659883.2 x 1.0 278.9 278.0 x -0.000 0.000 -0.004 x 
6.42 x -6.735 0.006 0.000 x 0 99.000000 10.712000 x 99 41.176807 -8.596227 x 99 41.176807 -8.596227 x 0.000000 0.000000 4659883.2 x 1.0 278.9 278.0 x -0.000 0.000 -0.004 x 
6.52 x 4.626 -0.191 0.000 x 0 99.000000 16.539000 x 99 41.176810 -8.596227 x 99 41.176810 -8.596227 x 0.000000 0.000000 4659883.5 x 359.5 278.9 279.5 x -0.000 0.000 0.115 x 
6.62 x 4.626 -0.191 0.000 x 0 99.000000 16.539000 x 99 41.176810 -8.596227 x 99 41.176810 -8.596227 x 0.000000 0.000000 4659883.5 x 359.5 278.9 279.5 x -0.000 0.000 0.115 x 
6.72 x 4.626 -0.191 0.000 x 0 99.000000 16.539000 x 99 41.176810 -8.596227 x 99 41.176810 -8.596227 x 0.000000 0.000000 4659883.5 x 359.5 278.9 279.5 x -0.000 0.000 0.115 x 
6.82 x -7.723 0.221 0.000 x 0 99.000000 6.926000 x 99 41.176813 -8.596227 x 99 41.176813 -8.596227 x 0.000000 0.000000 4659883.9 x 0.5 278.9 278.4 x -0.000 0.000 -0.133 x 
6.92 x -7.723 0.221 0.000 x 0 99.000000 6.926000 x 99 41.176813 -8.596227 x 99 41.176813 -8.596227 x 0.000000 0.000000 4659883.9 x 0.5 278.9 278.4 x -0.000 0.000 -0.133 x 
7.02 x -7.723 0.221 0.000 x 0 99.000000 6.926000 x 99 41.176813 -8.596227 x 99 41.176813 -8.596227 x 0.000000 0.000000 4659883.9 x 0.5 278.9 278.4 x -0.000 0.000 -0.133 x 
7.12 x 5.224 1.085 0.000 x 0 99.000000 -2.117000 x 99 41.176816 -8.596227 x 99 41.176816 -8.596227 x 0.000000 0.000000 4659884.2 x 359.3 278.9 279.6 x -0.000 0.000 -0.651 x 
7.22 x 5.224 1.085 0.000 x 0 99.000000 -2.117000 x 99 41.176816 -8.596227 x 99 41.176816 -8.596227 x 0.000000 0.000000 4659884.2 x 359.3 278.9 279.6 x -0.000 0.000 -0.651 x 
7.32 x 5.224 1.085 0.000 x 0 99.000000 -2.117000 x 99 41.176816 -8.596227 x 99 41.176816 -8.596227 x 0.000000 0.000000 4659884.2 x 359.3 278.9 279.6 x -0.000 0.000 -0.651 x 
7.42 x 0.329 -0.505 0.000 x 0 99.000000 6.510000 x 99 41.176819 -8.596227 x 99 41.176819 -8.596227 x 0.000000 0.000000 4659884.5 x 359.6 278.9 279.4 x -0.000 0.000 0.303 x 
7.52 x 0.329 -0.505 0.000 x 0 99.000000 6.510000 x 99 41.176819 -8.596227 x 99 41.176819 -8.596227 x 0.000000 0.000000 4659884.5 x 359.6 278.9 279.4 x -0.000 0.000 0.303 x 
7.62 x 0.329 -0.505 0.000 x 0 99.000000 6.510000 x 99 41.176819 -8.596227 x 99 41.176819 -8.596227 x 0.000000 0.000000 4659884.5 x 359.6 278.9 279.4 x -0.000 0.000 0.303 x 
7.72 x 5.092 -0.672 0.000 x 0 99.000000 10.145000 x 99 41.176823 -8.596227 x 99 41.176823 -8.596227 x 0.000000 0.000000 4659884.9 x 0.0 278.9 278.9 x -0.000 0.000 0.403 x 
7.82 x 5.092 -0.672 0.000 x 0 99.000000 10.145000 x 99 41.176823 -8.596227 x 99 41.176823 -8.596227 x 0.000000 0.000000 4659884.9 x 0.0 278.9 278.9 x -0.000 0.000 0.403 x 
7.92 x 5.092 -0.672 0.000 x 0 99.000000 10.145000 x 99 41.176823 -8.596227 x 99 41.176823 -8.596227 x 0.000000 0.000000 4659884.9 x 0.0 278.9 278.9 x -0.000 0.000 0.403 x 
8.02 x -2.555 0.009 0.000 x 0 99.000000 7.905000 x 99 41.176826 -8.596228 x 99 41.176826 -8.596228 x 0.000000 0.000000 4659885.3 x 358.6 278.9 280.4 x -0.000 0.000 -0.005 x 
8.12 x -2.555 0.009 0.000 x 0 99.000000 7.905000 x 99 41.176826 -8.596228 x 99 41.176826 -8.596228 x 0.000000 0.000000 4659885.3 x 358.6 278.9 280.4 x -0.000 0.000 -0.005 x 
8.22 x -2.555 0.009 0.000 x 0 99.000000 7.905000 x 99 41.176826 -8.596228 x 99 41.176826 -8.596228 x 0.000000 0.000000 4659885.3 x 358.6 278.9 280.4 x -0.000 0.000 -0.005 x 
8.32 x 0.394 -0.005 0.000 x 0 99.000000 9.884000 x 99 41.176830 -8.596228 x 99 41.176830 -8.596228 x 0.000000 0.000000 4659885.7 x 1.2 278.9 277.8 x -0.000 0.000 0.003 x 
8.42 x 0.394 -0.005 0.000 x 0 99.000000 9.884000 x 99 41.176830 -8.596228 x 99 41.176830 -8.596228 x 0.000000 0.000000 4659885.7 x 1.2 278.9 277.8 x -0.000 0.000 0.003 x 
8.52 x 0.394 -0.005 0.000 x 0 99.000000 9.884000 x 99 41.176830 -8.596228 x 99 41.176830 -8.596228 x 0.000000 0.000000 4659885.7 x 1.2 278.9 277.8 x -0.000 0.000 0.003 x 
8.62 x -11.911 -0.242 0.000 x 0 99.000000 -0.652000 x 99 41.176833 -8.596228 x 99 41.176833 -8.596228 x 0.000000 0.000000 4659886.0 x 359.1 278.9 279.8 x -0.000 0.000 0.145 x 
8.72 x -11.911 -0.242 0.000 x 0 99.000000 -0.652000 x 99 41.176833 -8.596228 x 99 41.176833 -8.596228 x 0.000000 0.000000 4659886.0 x 359.1 278.9 279.8 x -0.000 0.000 0.145 x 
8.82 x -11.911 -0.242 0.000 x 0 99.000000 -0.652000 x 99 41.176833 -8.596228 x 99 41.176833 -8.596228 x 0.000000 0.000000 4659886.0 x 359.1 278.9 279.8 x -0.000 0.000 0.145 x 
8.92 x -3.076 0.833 0.000 x 0 99.000000 12.250000 x 99 41.176836 -8.596228 x 99 41.176836 -8.596228 x 0.000000 0.000000 4659886.4 x 357.9 278.9 281.1 x -0.000 0.000 -0.500 x 
9.02 x -3.076 0.833 0.000 x 0 99.000000 12.250000 x 99 41.176836 -8.596228 x 99 41.176836 -8.596228 x 0.000000 0.000000 4659886.4 x 357.9 278.9 281.1 x -0.000 0.000 -0.500 x 
9.12 x -3.076 0.833 0.000 x 0 99.000000 12.250000 x 99 41.176836 -8.596228 x 99 41.176836 -8.596228 x 0.000000 0.000000 4659886.4 x 357.9 278.9 281.1 x -0.000 0.000 -0.500 x 
9.22 x -3.402 0.754 0.000 x 0 99.000000 5.746000 x 99 41.176840 -8.596228 x 99 41.176840 -8.596228 x 0.000000 0.000000 4659886.8 x 0.1 278.9 278.9 x -0.000 0.000 -0.452 x 
9.32 x -3.402 0.754 0.000 x 0 99.000000 5.746000 x 99 41.176840 -8.596228 x 99 41.176840 -8.596228 x 0.000000 0.000000 4659886.8 x 0.1 278.9 278.9 x -0.000 0.000 -0.452 x 
9.42 x -3.402 0.754 0.000 x 0 99.000000 5.746000 x 99 41.176840 -8.596228 x 99 41.176840 -8.596228 x 0.000000 0.000000 4659886.8 x 0.1 278.9 278.9 x -0.000 0.000 -0.452 x 
9.52 x 4.501 -0.596 0.000 x 0 99.000000 10.513000 x 99 41.176843 -8.596228 x 99 41.176843 -8.596228 x 0.000000 0.000000 4659887.1 x 358.8 278.9 280.1 x -0.000 0.000 0.358 x 
9.62 x 4.501 -0.596 0.000 x 0 99.000000 10.513000 x 99 41.176843 -8.596228 x 99 41.176843 -8.596228 x 0.000000 0.000000 4659887.1 x 358.8 278.9 280.1 x -0.000 0.000 0.358 x 
9.72 x 4.501 -0.596 0.000 x 0 99.000000 10.513000 x 99 41.176843 -8.596228 x 99 41.176843 -8.596228 x 0.000000 0.000000 4659887.1 x 358.8 278.9 280.1 x -0.000 0.000 0.358 x 
9.82 x 0.055 -0.414 0.000 x 0 99.000000 7.772000 x 99 41.176846 -8.596228 x 99 41.176846 -8.596228 x 0.000000 0.000000 4659887.4 x 358.0 278.9 280.9 x -0.000 0.000 0.248 x 
9.92 x 0.055 -0.414 0.000 x 0 99.000000 7.772000 x 99 41.176846 -8.596228 x 99 41.176846 -8.596228 x 0.000000 0.000000 4659887.4 x 358.0 278.9 280.9 x -0.000 0.000 0.248 x 
10.02 x 0.055 -0.414 0.000 x 0 99.000000 7.772000 x 99 41.176846 -8.596228 x 99 41.176846 -8.596228 x 0.000000 0.000000 4659887.4 x 358.0 278.9 280.9 x -0.000 0.000 0.248 x 
10.12 x -4.395 0.136 0.000 x 0 99.000000 5.749000 x 99 41.176850 -8.596228 x 99 41.176850 -8.596228 x 0.000000 0.000000 4659887.9 x 0.3 278.9 278.7 x -0.000 0.000 -0.082 x 
10.22 x -4.395 0.136 0.000 x 0 99.000000 5.749000 x 99 41.176850 -8.596228 x 99 41.176850 -8.596228 x 0.000000 0.000000 4659887.9 x 0.3 278.9 278.7 x -0.000 0.000 -0.082 x 
