time GPSalt Ualt qlty nsats rlat rlon slat slon tlat tlon dist head absBear relBear pitch roll up
1.52 x 0.000 10.268 0.000 x 0 0.000000 0.000000 x 0 0.000000 0.000000 x 0 0.000000 0.000000 x 41.176752 -8.596227 -1.0 x 359.7 98.9 99.2 x 0.000 0.000 0.980 x 
1.66 x 0.181 10.777 0.000 x 10 99.000000 6.831000 x 99 41.176766 -8.596227 x 99 41.176766 -8.596227 x 0.000000 0.000000 4659878.8 x 0.2 278.9 278.8 x -0.000 0.000 -0.980 x 
1.76 x 0.181 10.777 0.000 x 10 99.000000 6.831000 x 99 41.176766 -8.596227 x 99 41.176766 -8.596227 x 0.000000 0.000000 4659878.8 x 0.2 278.9 278.8 x -0.000 0.000 -0.980 x 
1.86 x 0.181 10.777 0.000 x 10 99.000000 6.831000 x 99 41.176766 -8.596227 x 99 41.176766 -8.596227 x 0.000000 0.000000 4659878.8 x 0.2 278.9 278.8 x -0.000 0.000 -0.980 x 
1.96 x 4.713 9.396 0.000 x 9 99.000000 3.194000 x 99 41.176769 -8.596227 x 99 41.176769 -8.596227 x 0.000000 0.000000 4659879.1 x 0.3 278.9 278.6 x -0.000 0.000 -0.980 x 
2.06 x 4.713 9.396 0.000 x 9 99.000000 3.194000 x 99 41.176769 -8.596227 x 99 41.176769 -8.596227 x 0.000000 0.000000 4659879.1 x 0.3 278.9 278.6 x -0.000 0.000 -0.980 x 
2.16 x 4.713 9.396 0.000 x 9 99.000000 3.194000 x 99 41.176769 -8.596227 x 99 41.176769 -8.596227 x 0.000000 0.000000 4659879.1 x 0.3 278.9 278.6 x -0.000 0.000 -0.980 x 
2.26 x -0.462 7.246 0.000 x 7 99.000000 3.002000 x 99 41.176772 -8.596227 x 99 41.176772 -8.596227 x 0.000000 0.000000 4659879.4 x 359.5 278.9 279.5 x -0.000 0.000 -0.980 x 
2.36 x -0.462 7.246 0.000 x 7 99.000000 3.002000 x 99 41.176772 -8.596227 x 99 41.176772 -8.596227 x 0.000000 0.000000 4659879.4 x 359.5 278.9 279.5 x -0.000 0.000 -0.980 x 
2.46 x -0.462 7.246 0.000 x 7 99.000000 3.002000 x 99 41.176772 -8.596227 x 99 41.176772 -8.596227 x 0.000000 0.000000 4659879.4 x 359.5 278.9 279.5 x -0.000 0.000 -0.980 x 
2.56 x -1.794 5.770 0.000 x 6 99.000000 6.816000 x 99 41.176775 -8.596227 x 99 41.176775 -8.596227 x 0.000000 0.000000 4659879.7 x 0.7 278.9 278.3 x -0.000 0.000 -0.980 x 
2.66 x -1.794 5.770 0.000 x 6 99.000000 6.816000 x 99 41.176775 -8.596227 x 99 41.176775 -8.596227 x 0.000000 0.000000 4659879.7 x 0.7 278.9 278.3 x -0.000 0.000 -0.980 x 
2.76 x -1.794 5.770 0.000 x 6 99.000000 6.816000 x 99 41.176775 -8.596227 x 99 41.176775 -8.596227 x 0.000000 0.000000 4659879.7 x 0.7 278.9 278.3 x -0.000 0.000 -0.980 x 
2.86 x -4.080 4.736 0.000 x 4 99.000000 -3.009000 x 99 41.176777 -8.596227 x 99 41.176777 -8.596227 x 0.000000 0.000000 4659880.0 x 358.2 278.9 280.7 x -0.000 0.000 -0.980 x 
2.96 x -4.080 4.736 0.000 x 4 99.000000 -3.009000 x 99 41.176777 -8.596227 x 99 41.176777 -8.596227 x 0.000000 0.000000 4659880.0 x 358.2 278.9 280.7 x -0.000 0.000 -0.980 x 
3.06 x -4.080 4.736 0.000 x 4 99.000000 -3.009000 x 99 41.176777 -8.596227 x 99 41.176777 -8.596227 x 0.000000 0.000000 4659880.0 x 358.2 278.9 280.7 x -0.000 0.000 -0.980 x 
3.16 x 1.970 2.543 0.000 x 3 99.000000 10.180000 x 99 41.176780 -8.596227 x 99 41.176780 -8.596227 x 0.000000 0.000000 4659880.3 x 2.6 278.9 276.3 x -0.000 0.000 -0.980 x 
3.26 x 1.970 2.543 0.000 x 3 99.000000 10.180000 x 99 41.176780 -8.596227 x 99 41.176780 -8.596227 x 0.000000 0.000000 4659880.3 x 2.6 278.9 276.3 x -0.000 0.000 -0.980 x 
3.36 x 1.970 2.543 0.000 x 3 99.000000 10.180000 x 99 41.176780 -8.596227 x 99 41.176780 -8.596227 x 0.000000 0.000000 4659880.3 x 2.6 278.9 276.3 x -0.000 0.000 -0.980 x 
3.46 x 3.237 1.692 0.000 x 1 99.000000 6.824000 x 99 41.176783 -8.596227 x 99 41.176783 -8.596227 x 0.000000 0.000000 4659880.6 x 1.3 278.9 277.7 x -0.000 0.000 -0.980 x 
3.56 x 3.237 1.692 0.000 x 1 99.000000 6.824000 x 99 41.176783 -8.596227 x 99 41.176783 -8.596227 x 0.000000 0.000000 4659880.6 x 1.3 278.9 277.7 x -0.000 0.000 -0.980 x 
3.66 x 3.237 1.692 0.000 x 1 99.000000 6.824000 x 99 41.176783 -8.596227 x 99 41.176783 -8.596227 x 0.000000 0.000000 4659880.6 x 1.3 278.9 277.7 x -0.000 0.000 -0.980 x 
3.76 x 13.888 0.918 0.000 x 0 99.000000 -6.150000 x 99 41.176786 -8.596227 x 99 41.176786 -8.596227 x 0.000000 0.000000 4659880.9 x 0.6 278.9 278.3 x -0.000 0.000 -0.551 x 
3.86 x 13.888 0.918 0.000 x 0 99.000000 -6.150000 x 99 41.176786 -8.596227 x 99 41.176786 -8.596227 x 0.000000 0.000000 4659880.9 x 0.6 278.9 278.3 x -0.000 0.000 -0.551 x 
3.96 x 13.888 0.918 0.000 x 0 99.000000 -6.150000 x 99 41.176786 -8.596227 x 99 41.176786 -8.596227 x 0.000000 0.000000 4659880.9 x 0.6 278.9 278.3 x -0.000 0.000 -0.551 x 
4.06 x 5.006 -2.107 0.000 x 0 99.000000 -1.026000 x 99 41.176789 -8.596227 x 99 41.176789 -8.596227 x 0.000000 0.000000 4659881.3 x 359.5 278.9 279.4 x -0.000 0.000 0.980 x 
4.16 x 5.006 -2.107 0.000 x 0 99.000000 -1.026000 x 99 41.176789 -8.596227 x 99 41.176789 -8.596227 x 0.000000 0.000000 4659881.3 x 359.5 278.9 279.4 x -0.000 0.000 0.980 x 
4.26 x 5.006 -2.107 0.000 x 0 99.000000 -1.026000 x 99 41.176789 -8.596227 x 99 41.176789 -8.596227 x 0.000000 0.000000 4659881.3 x 359.5 278.9 279.4 x -0.000 0.000 0.980 x 
4.36 x -2.657 -0.610 0.000 x 0 99.000000 3.962000 x 99 41.176792 -8.596227 x 99 41.176792 -8.596227 x 0.000000 0.000000 4659881.6 x 359.9 278.9 279.0 x -0.000 0.000 0.366 x 
4.46 x -2.657 -0.610 0.000 x 0 99.000000 3.962000 x 99 41.176792 -8.596227 x 99 41.176792 -8.596227 x 0.000000 0.000000 4659881.6 x 359.9 278.9 279.0 x -0.000 0.000 0.366 x 
4.56 x -2.657 -0.610 0.000 x 0 99.000000 3.962000 x 99 41.176792 -8.596227 x 99 41.176792 -8.596227 x 0.000000 0.000000 4659881.6 x 359.9 278.9 279.0 x -0.000 0.000 0.366 x 
4.66 x 2.011 1.778 0.000 x 0 99.000000 3.541000 x 99 41.176795 -8.596227 x 99 41.176795 -8.596227 x 0.000000 0.000000 4659881.9 x 359.9 278.9 279.0 x -0.000 0.000 -0.980 x 
4.76 x 2.011 1.778 0.000 x 0 99.000000 3.541000 x 99 41.176795 -8.596227 x 99 41.176795 -8.596227 x 0.000000 0.000000 4659881.9 x 359.9 278.9 279.0 x -0.000 0.000 -0.980 x 
4.86 x 2.011 1.778 0.000 x 0 99.000000 3.541000 x 99 41.176795 -8.596227 x 99 41.176795 -8.596227 x 0.000000 0.000000 4659881.9 x 359.9 278.9 279.0 x -0.000 0.000 -0.980 x 
4.96 x 7.462 -0.082 0.000 x 0 99.000000 12.630000 x 99 41.176799 -8.596227 x 99 41.176799 -8.596227 x 0.000000 0.000000 4659882.3 x 358.9 278.9 280.1 x -0.000 0.000 0.049 x 
5.06 x 7.462 -0.082 0.000 x 0 99.000000 12.630000 x 99 41.176799 -8.596227 x 99 41.176799 -8.596227 x 0.000000 0.000000 4659882.3 x 358.9 278.9 280.1 x -0.000 0.000 0.049 x 
5.16 x 7.462 -0.082 0.000 x 0 99.000000 12.630000 x 99 41.176799 -8.596227 x 99 41.176799 -8.596227 x 0.000000 0.000000 4659882.3 x 358.9 278.9 280.1 x -0.000 0.000 0.049 x 
5.26 x 8.516 -0.414 0.000 x 0 99.000000 7.655000 x 99 41.176802 -8.596227 x 99 41.176802 -8.596227 x 0.000000 0.000000 4659882.7 x 2.2 278.9 276.7 x -0.000 0.000 0.248 x 
5.36 x 8.516 -0.414 0.000 x 0 99.000000 7.655000 x 99 41.176802 -8.596227 x 99 41.176802 -8.596227 x 0.000000 0.000000 4659882.7 x 2.2 278.9 276.7 x -0.000 0.000 0.248 x 
5.46 x 8.516 -0.414 0.000 x 0 99.000000 7.655000 x 99 41.176802 -8.596227 x 99 41.176802 -8.596227 x 0.000000 0.000000 4659882.7 x 2.2 278.9 276.7 x -0.000 0.000 0.248 x 
5.56 x 4.756 0.250 0.000 x 0 99.000000 7.061000 x 99 41.176805 -8.596227 x 99 41.176805 -8.596227 x 0.000000 0.000000 4659883.0 x 359.7 278.9 279.2 x -0.000 0.000 -0.150 x 
5.66 x 4.756 0.250 0.000 x 0 99.000000 7.061000 x 99 41.176805 -8.596227 x 99 41.176805 -8.596227 x 0.000000 0.000000 4659883.0 x 359.7 278.9 279.2 x -0.000 0.000 -0.150 x 
5.76 x 4.756 0.250 0.000 x 0 99.000000 7.061000 x 99 41.176805 -8.596227 x 99 41.176805 -8.596227 x 0.000000 0.000000 4659883.0 x 359.7 278.9 279.2 x -0.000 0.000 -0.150 x 
5.86 x -4.330 -0.022 0.000 x 0 99.000000 10.186000 x 99 41.176809 -8.596227 x 99 41.176809 -8.596227 x 0.000000 0.000000 4659883.4 x 359.3 278.9 279.6 x -0.000 0.000 0.013 x 
5.96 x -4.330 -0.022 0.000 x 0 99.000000 10.186000 x 99 41.176809 -8.596227 x 99 41.176809 -8.596227 x 0.000000 0.000000 4659883.4 x 359.3 278.9 279.6 x -0.000 0.000 0.013 x 
6.06 x -4.330 -0.022 0.000 x 0 99.000000 10.186000 x 99 41.176809 -8.596227 x 99 41.176809 -8.596227 x 0.000000 0.000000 4659883.4 x 359.3 278.9 279.6 x -0.000 0.000 0.013 x 
6.16 x 0.560 -0.901 0.000 x 0 99.000000 10.531000 x 99 41.176812 -8.596227 x 99 41.176812 -8.596227 x 0.000000 0.000000 4659883.7 x 0.7 278.9 278.2 x -0.000 0.000 0.541 x 
6.26 x 0.560 -0.901 0.000 x 0 99.000000 10.531000 x 99 41.176812 -8.596227 x 99 41.176812 -8.596227 x 0.000000 0.000000 4659883.7 x 0.7 278.9 278.2 x -0.000 0.000 0.541 x 
6.36 x 0.560 -0.901 0.000 x 0 99.000000 10.531000 x 99 41.176812 -8.596227 x 99 41.176812 -8.596227 x 0.000000 0.000000 4659883.7 x 0.7 278.9 278.2 x -0.000 0.000 0.541 x 
6.46 x -4.709 0.681 0.000 x 0 99.000000 13.495000 x 99 41.176816 -8.596227 x 99 41.176816 -8.596227 x 0.000000 0.000000 4659884.2 x 1.2 278.9 277.7 x -0.000 0.000 -0.409 x 
6.56 x -4.709 0.681 0.000 x 0 99.000000 13.495000 x 99 41.176816 -8.596227 x 99 41.176816 -8.596227 x 0.000000 0.000000 4659884.2 x 1.2 278.9 277.7 x -0.000 0.000 -0.409 x 
6.66 x -4.709 0.681 0.000 x 0 99.000000 13.495000 x 99 41.176816 -8.596227 x 99 41.176816 -8.596227 x 0.000000 0.000000 4659884.2 x 1.2 278.9 277.7 x -0.000 0.000 -0.409 x 
6.76 x 7.862 0.214 0.000 x 0 99.000000 -1.117000 x 99 41.176819 -8.596228 x 99 41.176819 -8.596228 x 0.000000 0.000000 4659884.5 x 359.6 278.9 279.3 x -0.000 0.000 -0.128 x 
6.86 x 7.862 0.214 0.000 x 0 99.000000 -1.117000 x 99 41.176819 -8.596228 x 99 41.176819 -8.596228 x 0.000000 0.000000 4659884.5 x 359.6 278.9 279.3 x -0.000 0.000 -0.128 x 
6.96 x 7.862 0.214 0.000 x 0 99.000000 -1.117000 x 99 41.176819 -8.596228 x 99 41.176819 -8.596228 x 0.000000 0.000000 4659884.5 x 359.6 278.9 279.3 x -0.000 0.000 -0.128 x 
7.06 x 5.260 0.185 0.000 x 0 99.000000 3.685000 x 99 41.176823 -8.596228 x 99 41.176823 -8.596228 x 0.000000 0.000000 4659885.0 x 1.2 278.9 277.7 x -0.000 0.000 -0.111 x 
7.16 x 5.260 0.185 0.000 x 0 99.000000 3.685000 x 99 41.176823 -8.596228 x 99 41.176823 -8.596228 x 0.000000 0.000000 4659885.0 x 1.2 278.9 277.7 x -0.000 0.000 -0.111 x 
7.26 x 5.260 0.185 0.000 x 0 99.000000 3.685000 x 99 41.176823 -8.596228 x 99 41.176823 -8.596228 x 0.000000 0.000000 4659885.0 x 1.2 278.9 277.7 x -0.000 0.000 -0.111 x 
7.36 x -4.286 0.035 0.000 x 0 99.000000 13.820000 x 99 41.176826 -8.596228 x 99 41.176826 -8.596228 x 0.000000 0.000000 4659885.3 x 0.2 278.9 278.8 x -0.000 0.000 -0.021 x 
7.46 x -4.286 0.035 0.000 x 0 99.000000 13.820000 x 99 41.176826 -8.596228 x 99 41.176826 -8.596228 x 0.000000 0.000000 4659885.3 x 0.2 278.9 278.8 x -0.000 0.000 -0.021 x 
7.56 x -4.286 0.035 0.000 x 0 99.000000 13.820000 x 99 41.176826 -8.596228 x 99 41.176826 -8.596228 x 0.000000 0.000000 4659885.3 x 0.2 278.9 278.8 x -0.000 0.000 -0.021 x 
7.66 x -3.686 -0.858 0.000 x 0 99.000000 11.448000 x 99 41.176830 -8.596228 x 99 41.176830 -8.596228 x 0.000000 0.000000 4659885.7 x 359.7 278.9 279.2 x -0.000 0.000 0.515 x 
7.76 x -3.686 -0.858 0.000 x 0 99.000000 11.448000 x 99 41.176830 -8.596228 x 99 41.176830 -8.596228 x 0.000000 0.000000 4659885.7 x 359.7 278.9 279.2 x -0.000 0.000 0.515 x 
7.86 x -3.686 -0.858 0.000 x 0 99.000000 11.448000 x 99 41.176830 -8.596228 x 99 41.176830 -8.596228 x 0.000000 0.000000 4659885.7 x 359.7 278.9 279.2 x -0.000 0.000 0.515 x 
7.96 x 5.874 0.093 0.000 x 0 99.000000 1.730000 x 99 41.176833 -8.596228 x 99 41.176833 -8.596228 x 0.000000 0.000000 4659886.0 x 0.2 278.9 278.7 x -0.000 0.000 -0.056 x 
8.06 x 5.874 0.093 0.000 x 0 99.000000 1.730000 x 99 41.176833 -8.596228 x 99 41.176833 -8.596228 x 0.000000 0.000000 4659886.0 x 0.2 278.9 278.7 x -0.000 0.000 -0.056 x 
8.16 x 5.874 0.093 0.000 x 0 99.000000 1.730000 x 99 41.176833 -8.596228 x 99 41.176833 -8.596228 x 0.000000 0.000000 4659886.0 x 0.2 278.9 278.7 x -0.000 0.000 -0.056 x 
8.26 x -1.880 -0.541 0.000 x 0 99.000000 10.441000 x 99 41.176836 -8.596228 x 99 41.176836 -8.596228 x 0.000000 0.000000 4659886.4 x 359.5 278.9 279.5 x -0.000 0.000 0.325 x 
8.36 x -1.880 -0.541 0.000 x 0 99.000000 10.441000 x 99 41.176836 -8.596228 x 99 41.176836 -8.596228 x 0.000000 0.000000 4659886.4 x 359.5 278.9 279.5 x -0.000 0.000 0.325 x 
8.46 x -1.880 -0.541 0.000 x 0 99.000000 10.441000 x 99 41.176836 -8.596228 x 99 41.176836 -8.596228 x 0.000000 0.000000 4659886.4 x 359.5 278.9 279.5 x -0.000 0.000 0.325 x 
8.56 x 3.456 0.047 0.000 x 0 99.000000 21.152000 x 99 41.176840 -8.596229 x 99 41.176840 -8.596229 x 0.000000 0.000000 4659886.8 x 0.9 278.9 278.0 x -0.000 0.000 -0.028 x 
8.66 x 3.456 0.047 0.000 x 0 99.000000 21.152000 x 99 41.176840 -8.596229 x 99 41.176840 -8.596229 x 0.000000 0.000000 4659886.8 x 0.9 278.9 278.0 x -0.000 0.000 -0.028 x 
8.77 x 3.456 0.047 0.000 x 0 99.000000 21.152000 x 99 41.176840 -8.596229 x 99 41.176840 -8.596229 x 0.000000 0.000000 4659886.8 x 0.9 278.9 278.0 x -0.000 0.000 -0.028 x 
8.87 x -0.634 0.882 0.000 x 0 99.000000 12.446000 x 99 41.176843 -8.596229 x 99 41.176843 -8.596229 x 0.000000 0.000000 4659887.1 x 359.7 278.9 279.3 x -0.000 0.000 -0.529 x 
8.97 x -0.634 0.882 0.000 x 0 99.000000 12.446000 x 99 41.176843 -8.596229 x 99 41.176843 -8.596229 x 0.000000 0.000000 4659887.1 x 359.7 278.9 279.3 x -0.000 0.000 -0.529 x 
9.07 x -0.634 0.882 0.000 x 0 99.000000 12.446000 x 99 41.176843 -8.596229 x 99 41.176843 -8.596229 x 0.000000 0.000000 4659887.1 x 359.7 278.9 279.3 x -0.000 0.000 -0.529 x 
9.17 x 6.963 -0.260 0.000 x 0 99.000000 1.686000 x 99 41.176847 -8.596230 x 99 41.176847 -8.596230 x 0.000000 0.000000 4659887.6 x 0.3 278.9 278.7 x -0.000 0.000 0.156 x 
9.27 x 6.963 -0.260 0.000 x 0 99.000000 1.686000 x 99 41.176847 -8.596230 x 99 41.176847 -8.596230 x 0.000000 0.000000 4659887.6 x 0.3 278.9 278.7 x -0.000 0.000 0.156 x 
9.37 x 6.963 -0.260 0.000 x 0 99.000000 1.686000 x 99 41.176847 -8.596230 x 99 41.176847 -8.596230 x 0.000000 0.000000 4659887.6 x 0.3 278.9 278.7 x -0.000 0.000 0.156 x 
9.47 x -4.222 -0.307 0.000 x 0 99.000000 14.572000 x 99 41.176850 -8.596231 x 99 41.176850 -8.596231 x 0.000000 0.000000 4659887.9 x 359.4 278.9 279.6 x -0.000 0.000 0.184 x 
9.57 x -4.222 -0.307 0.000 x 0 99.000000 14.572000 x 99 41.176850 -8.596231 x 99 41.176850 -8.596231 x 0.000000 0.000000 4659887.9 x 359.4 278.9 279.6 x -0.000 0.000 0.184 x 
9.67 x -4.222 -0.307 0.000 x 0 99.000000 14.572000 x 99 41.176850 -8.596231 x 99 41.176850 -8.596231 x 0.000000 0.000000 4659887.9 x 359.4 278.9 279.6 x -0.000 0.000 0.184 x 
9.77 x 4.270 -0.481 0.000 x 0 99.000000 17.416000 x 99 41.176854 -8.596232 x 99 41.176854 -8.596232 x 0.000000 0.000000 4659888.4 x 359.6 278.9 279.4 x -0.000 0.000 0.289 x 
9.87 x 4.270 -0.481 0.000 x 0 99.000000 17.416000 x 99 41.176854 -8.596232 x 99 41.176854 -8.596232 x 0.000000 0.000000 4659888.4 x 359.6 278.9 279.4 x -0.000 0.000 0.289 x 
