time GPSalt Ualt qlty nsats rlat rlon slat slon tlat tlon dist head absBear relBear pitch roll up
1.38 x 0.000 10.196 0.000 x 0 0.000000 0.000000 x 0 0.000000 0.000000 x 0 0.000000 0.000000 x 41.176752 -8.596227 -1.0 x 359.7 98.9 99.2 x 0.000 0.000 0.980 x 
1.57 x 9.655 9.733 0.000 x 10 99.000000 -20.309000 x 99 41.176586 -8.596107 x 99 41.176586 -8.596107 x 0.000000 0.000000 4659857.0 x 1.2 278.9 277.8 x -0.000 0.000 -0.980 x 
1.67 x 9.655 9.733 0.000 x 10 99.000000 -20.309000 x 99 41.176586 -8.596107 x 99 41.176586 -8.596107 x 0.000000 0.000000 4659857.0 x 1.2 278.9 277.8 x -0.000 0.000 -0.980 x 
1.77 x 13.690 8.887 0.000 x 9 99.000000 -20.457000 x 99 41.176588 -8.596107 x 99 41.176588 -8.596107 x 0.000000 0.000000 4659857.2 x 0.5 278.9 278.4 x -0.000 0.000 -0.980 x 
1.87 x 13.690 8.887 0.000 x 9 99.000000 -20.457000 x 99 41.176588 -8.596107 x 99 41.176588 -8.596107 x 0.000000 0.000000 4659857.2 x 0.5 278.9 278.4 x -0.000 0.000 -0.980 x 
1.97 x 13.690 8.887 0.000 x 9 99.000000 -20.457000 x 99 41.176588 -8.596107 x 99 41.176588 -8.596107 x 0.000000 0.000000 4659857.2 x 0.5 278.9 278.4 x -0.000 0.000 -0.980 x 
2.07 x 20.838 7.090 0.000 x 8 99.000000 -21.360000 x 99 41.176591 -8.596107 x 99 41.176591 -8.596107 x 0.000000 0.000000 4659857.5 x 359.9 278.9 279.0 x -0.000 0.000 -0.980 x 
2.17 x 20.838 7.090 0.000 x 8 99.000000 -21.360000 x 99 41.176591 -8.596107 x 99 41.176591 -8.596107 x 0.000000 0.000000 4659857.5 x 359.9 278.9 279.0 x -0.000 0.000 -0.980 x 
2.27 x 20.838 7.090 0.000 x 8 99.000000 -21.360000 x 99 41.176591 -8.596107 x 99 41.176591 -8.596107 x 0.000000 0.000000 4659857.5 x 359.9 278.9 279.0 x -0.000 0.000 -0.980 x 
2.37 x 12.698 5.278 0.000 x 6 99.000000 -18.908000 x 99 41.176594 -8.596107 x 99 41.176594 -8.596107 x 0.000000 0.000000 4659857.9 x 360.0 278.9 279.0 x -0.000 0.000 -0.980 x 
2.47 x 12.698 5.278 0.000 x 6 99.000000 -18.908000 x 99 41.176594 -8.596107 x 99 41.176594 -8.596107 x 0.000000 0.000000 4659857.9 x 360.0 278.9 279.0 x -0.000 0.000 -0.980 x 
2.57 x 12.698 5.278 0.000 x 6 99.000000 -18.908000 x 99 41.176594 -8.596107 x 99 41.176594 -8.596107 x 0.000000 0.000000 4659857.9 x 360.0 278.9 279.0 x -0.000 0.000 -0.980 x 
2.67 x 7.129 4.474 0.000 x 5 99.000000 -20.612000 x 99 41.176596 -8.596107 x 99 41.176596 -8.596107 x 0.000000 0.000000 4659858.1 x 359.6 278.9 279.4 x -0.000 0.000 -0.980 x 
2.77 x 7.129 4.474 0.000 x 5 99.000000 -20.612000 x 99 41.176596 -8.596107 x 99 41.176596 -8.596107 x 0.000000 0.000000 4659858.1 x 359.6 278.9 279.4 x -0.000 0.000 -0.980 x 
2.87 x 7.129 4.474 0.000 x 5 99.000000 -20.612000 x 99 41.176596 -8.596107 x 99 41.176596 -8.596107 x 0.000000 0.000000 4659858.1 x 359.6 278.9 279.4 x -0.000 0.000 -0.980 x 
2.97 x 7.318 4.572 0.000 x 3 99.000000 -16.788000 x 99 41.176599 -8.596107 x 99 41.176599 -8.596107 x 0.000000 0.000000 4659858.4 x 359.7 278.9 279.2 x -0.000 0.000 -0.980 x 
3.07 x 7.318 4.572 0.000 x 3 99.000000 -16.788000 x 99 41.176599 -8.596107 x 99 41.176599 -8.596107 x 0.000000 0.000000 4659858.4 x 359.7 278.9 279.2 x -0.000 0.000 -0.980 x 
3.17 x 7.318 4.572 0.000 x 3 99.000000 -16.788000 x 99 41.176599 -8.596107 x 99 41.176599 -8.596107 x 0.000000 0.000000 4659858.4 x 359.7 278.9 279.2 x -0.000 0.000 -0.980 x 
3.27 x 6.152 2.348 0.000 x 2 99.000000 -9.138000 x 99 41.176602 -8.596107 x 99 41.176602 -8.596107 x 0.000000 0.000000 4659858.7 x 359.5 278.9 279.4 x -0.000 0.000 -0.980 x 
3.37 x 6.152 2.348 0.000 x 2 99.000000 -9.138000 x 99 41.176602 -8.596107 x 99 41.176602 -8.596107 x 0.000000 0.000000 4659858.7 x 359.5 278.9 279.4 x -0.000 0.000 -0.980 x 
3.47 x 6.152 2.348 0.000 x 2 99.000000 -9.138000 x 99 41.176602 -8.596107 x 99 41.176602 -8.596107 x 0.000000 0.000000 4659858.7 x 359.5 278.9 279.4 x -0.000 0.000 -0.980 x 
3.57 x 10.958 1.361 0.000 x 0 99.000000 -14.517000 x 99 41.176605 -8.596107 x 99 41.176605 -8.596107 x 0.000000 0.000000 4659859.1 x 1.9 278.9 277.1 x -0.000 0.000 -0.817 x 
3.67 x 10.958 1.361 0.000 x 0 99.000000 -14.517000 x 99 41.176605 -8.596107 x 99 41.176605 -8.596107 x 0.000000 0.000000 4659859.1 x 1.9 278.9 277.1 x -0.000 0.000 -0.817 x 
3.77 x 10.958 1.361 0.000 x 0 99.000000 -14.517000 x 99 41.176605 -8.596107 x 99 41.176605 -8.596107 x 0.000000 0.000000 4659859.1 x 1.9 278.9 277.1 x -0.000 0.000 -0.817 x 
3.87 x 5.335 -1.000 0.000 x 0 99.000000 -12.568000 x 99 41.176608 -8.596107 x 99 41.176608 -8.596107 x 0.000000 0.000000 4659859.4 x 359.4 278.9 279.6 x -0.000 0.000 0.600 x 
3.97 x 5.335 -1.000 0.000 x 0 99.000000 -12.568000 x 99 41.176608 -8.596107 x 99 41.176608 -8.596107 x 0.000000 0.000000 4659859.4 x 359.4 278.9 279.6 x -0.000 0.000 0.600 x 
4.07 x 5.335 -1.000 0.000 x 0 99.000000 -12.568000 x 99 41.176608 -8.596107 x 99 41.176608 -8.596107 x 0.000000 0.000000 4659859.4 x 359.4 278.9 279.6 x -0.000 0.000 0.600 x 
4.17 x 7.784 -1.000 0.000 x 0 99.000000 -16.946000 x 99 41.176611 -8.596107 x 99 41.176611 -8.596107 x 0.000000 0.000000 4659859.7 x 359.4 278.9 279.6 x -0.000 0.000 0.600 x 
4.27 x 7.784 -1.000 0.000 x 0 99.000000 -16.946000 x 99 41.176611 -8.596107 x 99 41.176611 -8.596107 x 0.000000 0.000000 4659859.7 x 359.4 278.9 279.6 x -0.000 0.000 0.600 x 
4.37 x 7.784 -1.000 0.000 x 0 99.000000 -16.946000 x 99 41.176611 -8.596107 x 99 41.176611 -8.596107 x 0.000000 0.000000 4659859.7 x 359.4 278.9 279.6 x -0.000 0.000 0.600 x 
4.47 x 5.067 -1.000 0.000 x 0 99.000000 -13.516000 x 99 41.176615 -8.596107 x 99 41.176615 -8.596107 x 0.000000 0.000000 4659860.1 x 359.4 278.9 279.6 x -0.000 0.000 0.600 x 
