time GPSalt Ualt qlty nsats rlat rlon slat slon tlat tlon dist head absBear relBear pitch roll up
1.91 x 0.000 10.375 0.000 x 0 0.000000 0.000000 x 0 0.000000 0.000000 x 0 0.000000 0.000000 x 41.176752 -8.596227 -1.0 x 359.4 98.9 99.5 x 0.000 0.000 0.980 x 
2.10 x 0.000 10.375 0.000 x 0 0.000000 0.000000 x 0 0.000000 0.000000 x 0 0.000000 0.000000 x 41.176752 -8.596227 -1.0 x 359.4 98.9 99.5 x 0.000 0.000 0.980 x 
2.27 x 5.707 9.335 0.000 x 10 99.000000 16.910000 x 99 41.176886 -8.596107 x 99 41.176886 -8.596107 x 0.000000 0.000000 4659889.5 x 1.4 278.9 277.5 x -0.000 0.000 -0.980 x 
2.37 x 5.707 9.335 0.000 x 10 99.000000 16.910000 x 99 41.176886 -8.596107 x 99 41.176886 -8.596107 x 0.000000 0.000000 4659889.5 x 1.4 278.9 277.5 x -0.000 0.000 -0.980 x 
2.47 x 17.200 9.038 0.000 x 9 99.000000 23.420000 x 99 41.176889 -8.596107 x 99 41.176889 -8.596107 x 0.000000 0.000000 4659889.8 x 0.1 278.9 278.9 x -0.000 0.000 -0.980 x 
2.57 x 17.200 9.038 0.000 x 9 99.000000 23.420000 x 99 41.176889 -8.596107 x 99 41.176889 -8.596107 x 0.000000 0.000000 4659889.8 x 0.1 278.9 278.9 x -0.000 0.000 -0.980 x 
2.67 x 17.200 9.038 0.000 x 9 99.000000 23.420000 x 99 41.176889 -8.596107 x 99 41.176889 -8.596107 x 0.000000 0.000000 4659889.8 x 0.1 278.9 278.9 x -0.000 0.000 -0.980 x 
2.77 x 12.117 7.207 0.000 x 8 99.000000 16.687000 x 99 41.176891 -8.596108 x 99 41.176891 -8.596108 x 0.000000 0.000000 4659890.1 x 0.9 278.9 278.0 x -0.000 0.000 -0.980 x 
2.87 x 12.117 7.207 0.000 x 8 99.000000 16.687000 x 99 41.176891 -8.596108 x 99 41.176891 -8.596108 x 0.000000 0.000000 4659890.1 x 0.9 278.9 278.0 x -0.000 0.000 -0.980 x 
2.97 x 12.117 7.207 0.000 x 8 99.000000 16.687000 x 99 41.176891 -8.596108 x 99 41.176891 -8.596108 x 0.000000 0.000000 4659890.1 x 0.9 278.9 278.0 x -0.000 0.000 -0.980 x 
3.07 x 9.731 6.384 0.000 x 6 99.000000 20.472000 x 99 41.176894 -8.596108 x 99 41.176894 -8.596108 x 0.000000 0.000000 4659890.4 x 359.8 278.9 279.1 x -0.000 0.000 -0.980 x 
3.17 x 9.731 6.384 0.000 x 6 99.000000 20.472000 x 99 41.176894 -8.596108 x 99 41.176894 -8.596108 x 0.000000 0.000000 4659890.4 x 359.8 278.9 279.1 x -0.000 0.000 -0.980 x 
3.27 x 9.731 6.384 0.000 x 6 99.000000 20.472000 x 99 41.176894 -8.596108 x 99 41.176894 -8.596108 x 0.000000 0.000000 4659890.4 x 359.8 278.9 279.1 x -0.000 0.000 -0.980 x 
3.37 x 9.435 5.124 0.000 x 5 99.000000 13.242000 x 99 41.176897 -8.596108 x 99 41.176897 -8.596108 x 0.000000 0.000000 4659890.7 x 359.0 278.9 279.9 x -0.000 0.000 -0.980 x 
3.47 x 9.435 5.124 0.000 x 5 99.000000 13.242000 x 99 41.176897 -8.596108 x 99 41.176897 -8.596108 x 0.000000 0.000000 4659890.7 x 359.0 278.9 279.9 x -0.000 0.000 -0.980 x 
3.57 x 9.435 5.124 0.000 x 5 99.000000 13.242000 x 99 41.176897 -8.596108 x 99 41.176897 -8.596108 x 0.000000 0.000000 4659890.7 x 359.0 278.9 279.9 x -0.000 0.000 -0.980 x 
3.67 x 15.768 3.285 0.000 x 3 99.000000 21.650000 x 99 41.176900 -8.596109 x 99 41.176900 -8.596109 x 0.000000 0.000000 4659891.1 x 0.1 278.9 278.8 x -0.000 0.000 -0.980 x 
3.77 x 15.768 3.285 0.000 x 3 99.000000 21.650000 x 99 41.176900 -8.596109 x 99 41.176900 -8.596109 x 0.000000 0.000000 4659891.1 x 0.1 278.9 278.8 x -0.000 0.000 -0.980 x 
3.87 x 15.768 3.285 0.000 x 3 99.000000 21.650000 x 99 41.176900 -8.596109 x 99 41.176900 -8.596109 x 0.000000 0.000000 4659891.1 x 0.1 278.9 278.8 x -0.000 0.000 -0.980 x 
3.97 x 11.312 2.263 0.000 x 2 99.000000 8.703000 x 99 41.176903 -8.596109 x 99 41.176903 -8.596109 x 0.000000 0.000000 4659891.4 x 0.9 278.9 278.1 x -0.000 0.000 -0.980 x 
4.07 x 11.312 2.263 0.000 x 2 99.000000 8.703000 x 99 41.176903 -8.596109 x 99 41.176903 -8.596109 x 0.000000 0.000000 4659891.4 x 0.9 278.9 278.1 x -0.000 0.000 -0.980 x 
4.17 x 11.312 2.263 0.000 x 2 99.000000 8.703000 x 99 41.176903 -8.596109 x 99 41.176903 -8.596109 x 0.000000 0.000000 4659891.4 x 0.9 278.9 278.1 x -0.000 0.000 -0.980 x 
4.27 x 5.986 0.068 0.000 x 0 99.000000 15.411000 x 99 41.176906 -8.596109 x 99 41.176906 -8.596109 x 0.000000 0.000000 4659891.7 x 358.7 278.9 280.3 x -0.000 0.000 -0.041 x 
4.37 x 5.986 0.068 0.000 x 0 99.000000 15.411000 x 99 41.176906 -8.596109 x 99 41.176906 -8.596109 x 0.000000 0.000000 4659891.7 x 358.7 278.9 280.3 x -0.000 0.000 -0.041 x 
4.47 x 5.986 0.068 0.000 x 0 99.000000 15.411000 x 99 41.176906 -8.596109 x 99 41.176906 -8.596109 x 0.000000 0.000000 4659891.7 x 358.7 278.9 280.3 x -0.000 0.000 -0.041 x 
4.57 x 12.045 0.068 0.000 x 0 99.000000 14.971000 x 99 41.176909 -8.596109 x 99 41.176909 -8.596109 x 0.000000 0.000000 4659892.0 x 358.7 278.9 280.3 x -0.000 0.000 -0.041 x 
4.67 x 12.045 0.068 0.000 x 0 99.000000 14.971000 x 99 41.176909 -8.596109 x 99 41.176909 -8.596109 x 0.000000 0.000000 4659892.0 x 358.7 278.9 280.3 x -0.000 0.000 -0.041 x 
4.77 x 12.045 0.068 0.000 x 0 99.000000 14.971000 x 99 41.176909 -8.596109 x 99 41.176909 -8.596109 x 0.000000 0.000000 4659892.0 x 358.7 278.9 280.3 x -0.000 0.000 -0.041 x 
