time GPSalt Ualt qlty nsats rlat rlon slat slon tlat tlon dist head absBear relBear pitch roll up
1.86 x 0.000 10.268 0.000 x 0 0.000000 0.000000 x 0 0.000000 0.000000 x 0 0.000000 0.000000 x 41.176752 -8.596227 -1.0 x 359.7 98.9 99.2 x 0.000 0.000 0.980 x 
2.05 x 27.482 9.479 0.000 x 10 99.000000 -1.407000 x 99 41.176671 -8.595988 x 99 41.176671 -8.595988 x 0.000000 0.000000 4659864.0 x 1.6 278.9 277.4 x -0.000 0.000 -0.980 x 
2.15 x 27.482 9.479 0.000 x 10 99.000000 -1.407000 x 99 41.176671 -8.595988 x 99 41.176671 -8.595988 x 0.000000 0.000000 4659864.0 x 1.6 278.9 277.4 x -0.000 0.000 -0.980 x 
2.25 x 27.482 9.479 0.000 x 10 99.000000 -1.407000 x 99 41.176671 -8.595988 x 99 41.176671 -8.595988 x 0.000000 0.000000 4659864.0 x 1.6 278.9 277.4 x -0.000 0.000 -0.980 x 
2.35 x 22.360 8.786 0.000 x 8 99.000000 -7.534000 x 99 41.176673 -8.595988 x 99 41.176673 -8.595988 x 0.000000 0.000000 4659864.2 x 0.1 278.9 278.9 x -0.000 0.000 -0.980 x 
2.45 x 22.360 8.786 0.000 x 8 99.000000 -7.534000 x 99 41.176673 -8.595988 x 99 41.176673 -8.595988 x 0.000000 0.000000 4659864.2 x 0.1 278.9 278.9 x -0.000 0.000 -0.980 x 
2.55 x 22.360 8.786 0.000 x 8 99.000000 -7.534000 x 99 41.176673 -8.595988 x 99 41.176673 -8.595988 x 0.000000 0.000000 4659864.2 x 0.1 278.9 278.9 x -0.000 0.000 -0.980 x 
2.65 x 23.072 7.077 0.000 x 7 99.000000 -5.736000 x 99 41.176676 -8.595988 x 99 41.176676 -8.595988 x 0.000000 0.000000 4659864.5 x 358.5 278.9 280.5 x -0.000 0.000 -0.980 x 
2.75 x 23.072 7.077 0.000 x 7 99.000000 -5.736000 x 99 41.176676 -8.595988 x 99 41.176676 -8.595988 x 0.000000 0.000000 4659864.5 x 358.5 278.9 280.5 x -0.000 0.000 -0.980 x 
2.85 x 23.072 7.077 0.000 x 7 99.000000 -5.736000 x 99 41.176676 -8.595988 x 99 41.176676 -8.595988 x 0.000000 0.000000 4659864.5 x 358.5 278.9 280.5 x -0.000 0.000 -0.980 x 
2.95 x 11.579 6.103 0.000 x 5 99.000000 -4.537000 x 99 41.176679 -8.595988 x 99 41.176679 -8.595988 x 0.000000 0.000000 4659864.9 x 359.7 278.9 279.2 x -0.000 0.000 -0.980 x 
3.05 x 11.579 6.103 0.000 x 5 99.000000 -4.537000 x 99 41.176679 -8.595988 x 99 41.176679 -8.595988 x 0.000000 0.000000 4659864.9 x 359.7 278.9 279.2 x -0.000 0.000 -0.980 x 
3.15 x 11.579 6.103 0.000 x 5 99.000000 -4.537000 x 99 41.176679 -8.595988 x 99 41.176679 -8.595988 x 0.000000 0.000000 4659864.9 x 359.7 278.9 279.2 x -0.000 0.000 -0.980 x 
3.25 x 19.724 3.792 0.000 x 4 99.000000 -2.810000 x 99 41.176681 -8.595988 x 99 41.176681 -8.595988 x 0.000000 0.000000 4659865.1 x 359.3 278.9 279.7 x -0.000 0.000 -0.980 x 
3.35 x 19.724 3.792 0.000 x 4 99.000000 -2.810000 x 99 41.176681 -8.595988 x 99 41.176681 -8.595988 x 0.000000 0.000000 4659865.1 x 359.3 278.9 279.7 x -0.000 0.000 -0.980 x 
3.45 x 19.724 3.792 0.000 x 4 99.000000 -2.810000 x 99 41.176681 -8.595988 x 99 41.176681 -8.595988 x 0.000000 0.000000 4659865.1 x 359.3 278.9 279.7 x -0.000 0.000 -0.980 x 
3.55 x 31.499 3.135 0.000 x 2 99.000000 -3.469000 x 99 41.176684 -8.595988 x 99 41.176684 -8.595988 x 0.000000 0.000000 4659865.4 x 0.4 278.9 278.5 x -0.000 0.000 -0.980 x 
3.65 x 31.499 3.135 0.000 x 2 99.000000 -3.469000 x 99 41.176684 -8.595988 x 99 41.176684 -8.595988 x 0.000000 0.000000 4659865.4 x 0.4 278.9 278.5 x -0.000 0.000 -0.980 x 
3.75 x 31.499 3.135 0.000 x 2 99.000000 -3.469000 x 99 41.176684 -8.595988 x 99 41.176684 -8.595988 x 0.000000 0.000000 4659865.4 x 0.4 278.9 278.5 x -0.000 0.000 -0.980 x 
3.85 x 14.862 1.475 0.000 x 1 99.000000 -2.478000 x 99 41.176687 -8.595988 x 99 41.176687 -8.595988 x 0.000000 0.000000 4659865.7 x 1.1 278.9 277.9 x -0.000 0.000 -0.885 x 
3.95 x 14.862 1.475 0.000 x 1 99.000000 -2.478000 x 99 41.176687 -8.595988 x 99 41.176687 -8.595988 x 0.000000 0.000000 4659865.7 x 1.1 278.9 277.9 x -0.000 0.000 -0.885 x 
4.05 x 14.862 1.475 0.000 x 1 99.000000 -2.478000 x 99 41.176687 -8.595988 x 99 41.176687 -8.595988 x 0.000000 0.000000 4659865.7 x 1.1 278.9 277.9 x -0.000 0.000 -0.885 x 
4.15 x 18.616 0.053 0.000 x 0 99.000000 -9.593000 x 99 41.176690 -8.595988 x 99 41.176690 -8.595988 x 0.000000 0.000000 4659866.0 x 358.1 278.9 280.9 x -0.000 0.000 -0.032 x 
4.25 x 18.616 0.053 0.000 x 0 99.000000 -9.593000 x 99 41.176690 -8.595988 x 99 41.176690 -8.595988 x 0.000000 0.000000 4659866.0 x 358.1 278.9 280.9 x -0.000 0.000 -0.032 x 
