time GPSalt Ualt qlty nsats rlat rlon slat slon tlat tlon dist head absBear relBear pitch roll up
1.98 x 0.000 10.268 0.000 x 0 0.000000 0.000000 x 0 0.000000 0.000000 x 0 0.000000 0.000000 x 41.176752 -8.596227 -1.0 x 359.7 98.9 99.2 x 0.000 0.000 0.980 x 
2.16 x 21.761 10.579 0.000 x 10 99.000000 -7.658000 x 99 41.176671 -8.595988 x 99 41.176671 -8.595988 x 0.000000 0.000000 4659864.0 x 0.6 278.9 278.3 x -0.000 0.000 -0.980 x 
2.26 x 21.761 10.579 0.000 x 10 99.000000 -7.658000 x 99 41.176671 -8.595988 x 99 41.176671 -8.595988 x 0.000000 0.000000 4659864.0 x 0.6 278.9 278.3 x -0.000 0.000 -0.980 x 
2.36 x 21.761 10.579 0.000 x 10 99.000000 -7.658000 x 99 41.176671 -8.595988 x 99 41.176671 -8.595988 x 0.000000 0.000000 4659864.0 x 0.6 278.9 278.3 x -0.000 0.000 -0.980 x 
2.46 x 23.509 9.173 0.000 x 9 99.000000 -6.151000 x 99 41.176673 -8.595988 x 99 41.176673 -8.595988 x 0.000000 0.000000 4659864.2 x 359.0 278.9 279.9 x -0.000 0.000 -0.980 x 
2.56 x 23.509 9.173 0.000 x 9 99.000000 -6.151000 x 99 41.176673 -8.595988 x 99 41.176673 -8.595988 x 0.000000 0.000000 4659864.2 x 359.0 278.9 279.9 x -0.000 0.000 -0.980 x 
2.66 x 23.509 9.173 0.000 x 9 99.000000 -6.151000 x 99 41.176673 -8.595988 x 99 41.176673 -8.595988 x 0.000000 0.000000 4659864.2 x 359.0 278.9 279.9 x -0.000 0.000 -0.980 x 
2.76 x 19.570 7.071 0.000 x 7 99.000000 -15.830000 x 99 41.176676 -8.595988 x 99 41.176676 -8.595988 x 0.000000 0.000000 4659864.5 x 359.9 278.9 279.1 x -0.000 0.000 -0.980 x 
2.86 x 19.570 7.071 0.000 x 7 99.000000 -15.830000 x 99 41.176676 -8.595988 x 99 41.176676 -8.595988 x 0.000000 0.000000 4659864.5 x 359.9 278.9 279.1 x -0.000 0.000 -0.980 x 
2.96 x 19.570 7.071 0.000 x 7 99.000000 -15.830000 x 99 41.176676 -8.595988 x 99 41.176676 -8.595988 x 0.000000 0.000000 4659864.5 x 359.9 278.9 279.1 x -0.000 0.000 -0.980 x 
3.06 x 26.664 6.088 0.000 x 6 99.000000 -0.222000 x 99 41.176679 -8.595987 x 99 41.176679 -8.595987 x 0.000000 0.000000 4659864.8 x 358.3 278.9 280.7 x -0.000 0.000 -0.980 x 
3.16 x 26.664 6.088 0.000 x 6 99.000000 -0.222000 x 99 41.176679 -8.595987 x 99 41.176679 -8.595987 x 0.000000 0.000000 4659864.8 x 358.3 278.9 280.7 x -0.000 0.000 -0.980 x 
3.26 x 26.664 6.088 0.000 x 6 99.000000 -0.222000 x 99 41.176679 -8.595987 x 99 41.176679 -8.595987 x 0.000000 0.000000 4659864.8 x 358.3 278.9 280.7 x -0.000 0.000 -0.980 x 
3.36 x 22.259 4.754 0.000 x 4 99.000000 -6.244000 x 99 41.176682 -8.595988 x 99 41.176682 -8.595988 x 0.000000 0.000000 4659865.2 x 358.3 278.9 280.7 x -0.000 0.000 -0.980 x 
3.46 x 22.259 4.754 0.000 x 4 99.000000 -6.244000 x 99 41.176682 -8.595988 x 99 41.176682 -8.595988 x 0.000000 0.000000 4659865.2 x 358.3 278.9 280.7 x -0.000 0.000 -0.980 x 
3.56 x 22.259 4.754 0.000 x 4 99.000000 -6.244000 x 99 41.176682 -8.595988 x 99 41.176682 -8.595988 x 0.000000 0.000000 4659865.2 x 358.3 278.9 280.7 x -0.000 0.000 -0.980 x 
3.66 x 15.205 2.556 0.000 x 3 99.000000 -16.776000 x 99 41.176685 -8.595988 x 99 41.176685 -8.595988 x 0.000000 0.000000 4659865.5 x 358.6 278.9 280.3 x -0.000 0.000 -0.980 x 
3.76 x 15.205 2.556 0.000 x 3 99.000000 -16.776000 x 99 41.176685 -8.595988 x 99 41.176685 -8.595988 x 0.000000 0.000000 4659865.5 x 358.6 278.9 280.3 x -0.000 0.000 -0.980 x 
3.86 x 15.205 2.556 0.000 x 3 99.000000 -16.776000 x 99 41.176685 -8.595988 x 99 41.176685 -8.595988 x 0.000000 0.000000 4659865.5 x 358.6 278.9 280.3 x -0.000 0.000 -0.980 x 
3.96 x 14.948 1.311 0.000 x 1 99.000000 0.658000 x 99 41.176688 -8.595988 x 99 41.176688 -8.595988 x 0.000000 0.000000 4659865.8 x 0.6 278.9 278.4 x -0.000 0.000 -0.787 x 
4.06 x 14.948 1.311 0.000 x 1 99.000000 0.658000 x 99 41.176688 -8.595988 x 99 41.176688 -8.595988 x 0.000000 0.000000 4659865.8 x 0.6 278.9 278.4 x -0.000 0.000 -0.787 x 
4.16 x 14.948 1.311 0.000 x 1 99.000000 0.658000 x 99 41.176688 -8.595988 x 99 41.176688 -8.595988 x 0.000000 0.000000 4659865.8 x 0.6 278.9 278.4 x -0.000 0.000 -0.787 x 
4.26 x 18.595 0.043 0.000 x 0 99.000000 -9.013000 x 99 41.176691 -8.595989 x 99 41.176691 -8.595989 x 0.000000 0.000000 4659866.2 x 0.4 278.9 278.5 x -0.000 0.000 -0.026 x 
