time GPSalt Ualt qlty nsats rlat rlon slat slon tlat tlon dist head absBear relBear pitch roll up
1.80 x 0.000 10.375 0.000 x 0 0.000000 0.000000 x 0 0.000000 0.000000 x 0 0.000000 0.000000 x 41.176752 -8.596227 -1.0 x 359.4 98.9 99.5 x 0.000 0.000 0.980 x 
1.98 x 5.707 9.335 0.000 x 10 99.000000 16.910000 x 99 41.176886 -8.596107 x 99 41.176886 -8.596107 x 0.000000 0.000000 4659889.5 x 1.4 278.9 277.5 x -0.000 0.000 -0.980 x 
2.08 x 5.707 9.335 0.000 x 10 99.000000 16.910000 x 99 41.176886 -8.596107 x 99 41.176886 -8.596107 x 0.000000 0.000000 4659889.5 x 1.4 278.9 277.5 x -0.000 0.000 -0.980 x 
2.18 x 5.707 9.335 0.000 x 10 99.000000 16.910000 x 99 41.176886 -8.596107 x 99 41.176886 -8.596107 x 0.000000 0.000000 4659889.5 x 1.4 278.9 277.5 x -0.000 0.000 -0.980 x 
2.28 x 11.703 8.777 0.000 x 8 99.000000 16.974000 x 99 41.176889 -8.596107 x 99 41.176889 -8.596107 x 0.000000 0.000000 4659889.8 x 0.0 278.9 278.9 x -0.000 0.000 -0.980 x 
2.38 x 11.703 8.777 0.000 x 8 99.000000 16.974000 x 99 41.176889 -8.596107 x 99 41.176889 -8.596107 x 0.000000 0.000000 4659889.8 x 0.0 278.9 278.9 x -0.000 0.000 -0.980 x 
2.48 x 11.703 8.777 0.000 x 8 99.000000 16.974000 x 99 41.176889 -8.596107 x 99 41.176889 -8.596107 x 0.000000 0.000000 4659889.8 x 0.0 278.9 278.9 x -0.000 0.000 -0.980 x 
2.58 x 4.069 7.318 0.000 x 7 99.000000 11.328000 x 99 41.176891 -8.596107 x 99 41.176891 -8.596107 x 0.000000 0.000000 4659890.1 x 1.3 278.9 277.7 x -0.000 0.000 -0.980 x 
2.68 x 4.069 7.318 0.000 x 7 99.000000 11.328000 x 99 41.176891 -8.596107 x 99 41.176891 -8.596107 x 0.000000 0.000000 4659890.1 x 1.3 278.9 277.7 x -0.000 0.000 -0.980 x 
2.78 x 4.069 7.318 0.000 x 7 99.000000 11.328000 x 99 41.176891 -8.596107 x 99 41.176891 -8.596107 x 0.000000 0.000000 4659890.1 x 1.3 278.9 277.7 x -0.000 0.000 -0.980 x 
2.88 x 15.317 6.283 0.000 x 5 99.000000 9.810000 x 99 41.176894 -8.596107 x 99 41.176894 -8.596107 x 0.000000 0.000000 4659890.4 x 0.5 278.9 278.4 x -0.000 0.000 -0.980 x 
2.98 x 15.317 6.283 0.000 x 5 99.000000 9.810000 x 99 41.176894 -8.596107 x 99 41.176894 -8.596107 x 0.000000 0.000000 4659890.4 x 0.5 278.9 278.4 x -0.000 0.000 -0.980 x 
3.08 x 15.317 6.283 0.000 x 5 99.000000 9.810000 x 99 41.176894 -8.596107 x 99 41.176894 -8.596107 x 0.000000 0.000000 4659890.4 x 0.5 278.9 278.4 x -0.000 0.000 -0.980 x 
3.18 x 11.535 4.439 0.000 x 4 99.000000 17.923000 x 99 41.176897 -8.596107 x 99 41.176897 -8.596107 x 0.000000 0.000000 4659890.7 x 359.9 278.9 279.0 x -0.000 0.000 -0.980 x 
3.28 x 11.535 4.439 0.000 x 4 99.000000 17.923000 x 99 41.176897 -8.596107 x 99 41.176897 -8.596107 x 0.000000 0.000000 4659890.7 x 359.9 278.9 279.0 x -0.000 0.000 -0.980 x 
3.38 x 11.535 4.439 0.000 x 4 99.000000 17.923000 x 99 41.176897 -8.596107 x 99 41.176897 -8.596107 x 0.000000 0.000000 4659890.7 x 359.9 278.9 279.0 x -0.000 0.000 -0.980 x 
3.48 x 9.232 3.492 0.000 x 2 99.000000 19.475000 x 99 41.176900 -8.596107 x 99 41.176900 -8.596107 x 0.000000 0.000000 4659891.0 x 0.2 278.9 278.8 x -0.000 0.000 -0.980 x 
3.58 x 9.232 3.492 0.000 x 2 99.000000 19.475000 x 99 41.176900 -8.596107 x 99 41.176900 -8.596107 x 0.000000 0.000000 4659891.0 x 0.2 278.9 278.8 x -0.000 0.000 -0.980 x 
3.68 x 9.232 3.492 0.000 x 2 99.000000 19.475000 x 99 41.176900 -8.596107 x 99 41.176900 -8.596107 x 0.000000 0.000000 4659891.0 x 0.2 278.9 278.8 x -0.000 0.000 -0.980 x 
3.78 x 8.571 0.726 0.000 x 1 99.000000 13.836000 x 99 41.176903 -8.596107 x 99 41.176903 -8.596107 x 0.000000 0.000000 4659891.4 x 359.7 278.9 279.2 x -0.000 0.000 -0.436 x 
3.88 x 8.571 0.726 0.000 x 1 99.000000 13.836000 x 99 41.176903 -8.596107 x 99 41.176903 -8.596107 x 0.000000 0.000000 4659891.4 x 359.7 278.9 279.2 x -0.000 0.000 -0.436 x 
3.98 x 8.571 0.726 0.000 x 1 99.000000 13.836000 x 99 41.176903 -8.596107 x 99 41.176903 -8.596107 x 0.000000 0.000000 4659891.4 x 359.7 278.9 279.2 x -0.000 0.000 -0.436 x 
4.08 x 14.628 0.456 0.000 x 0 99.000000 17.008000 x 99 41.176906 -8.596107 x 99 41.176906 -8.596107 x 0.000000 0.000000 4659891.7 x 359.5 278.9 279.5 x -0.000 0.000 -0.274 x 
